<?xml version="1.0" encoding="UTF-8"?>
<robot generator="Robot 7.4 (Python 3.13.7 on win32)" generated="2025-12-14T11:53:58.187757" rpa="false" schemaversion="5">
<suite id="s1" name="Voting-System-Tests" source="D:\8th Semester\1. Software Quality Engineering\online-voting-system\robot-tests\voting-system-tests.robot">
<kw name="Open Browser To Voting System" type="SETUP">
<kw name="Open Browser" owner="SeleniumLibrary">
<msg time="2025-12-14T11:53:59.224267" level="INFO">Opening browser 'Chrome' to base url 'http://localhost:3000'.</msg>
<arg>${URL}</arg>
<arg>${BROWSER}</arg>
<doc>Opens a new browser instance to the optional ``url``.</doc>
<status status="PASS" start="2025-12-14T11:53:59.223607" elapsed="18.186441"/>
</kw>
<kw name="Maximize Browser Window" owner="SeleniumLibrary">
<doc>Maximizes current browser window.</doc>
<status status="PASS" start="2025-12-14T11:54:17.411066" elapsed="0.910320"/>
</kw>
<kw name="Set Selenium Speed" owner="SeleniumLibrary">
<arg>${DELAY}</arg>
<doc>Sets the delay that is waited after each Selenium command.</doc>
<status status="PASS" start="2025-12-14T11:54:18.322093" elapsed="0.000988"/>
</kw>
<kw name="Wait Until Page Contains Element" owner="SeleniumLibrary">
<arg>css:[data-testid="tab-login"]</arg>
<arg>10s</arg>
<doc>Waits until the element ``locator`` appears on the current page.</doc>
<status status="PASS" start="2025-12-14T11:54:18.323516" elapsed="0.373163"/>
</kw>
<status status="PASS" start="2025-12-14T11:53:59.220550" elapsed="19.476463"/>
</kw>
<test id="s1-t1" name="RF-TC-001: Verify Registration Form Elements" line="64">
<kw name="Reset Application State" type="SETUP">
<kw name="Run Keyword And Ignore Error" owner="BuiltIn">
<kw name="Handle Alert" owner="SeleniumLibrary">
<msg time="2025-12-14T11:54:18.704507" level="INFO">HANDLE::&lt;class 'NoneType'&gt;::None</msg>
<msg time="2025-12-14T11:54:24.479001" level="INFO" html="true">&lt;/td&gt;&lt;/tr&gt;&lt;tr&gt;&lt;td colspan="3"&gt;&lt;a href="selenium-screenshot-99.png"&gt;&lt;img src="selenium-screenshot-99.png" width="800px"&gt;&lt;/a&gt;</msg>
<msg time="2025-12-14T11:54:24.479856" level="FAIL">Alert not found in 5 seconds.</msg>
<arg>action=ACCEPT</arg>
<doc>Handles the current alert and returns its message.</doc>
<status status="FAIL" start="2025-12-14T11:54:18.703970" elapsed="5.788573">Alert not found in 5 seconds.</status>
</kw>
<arg>Handle Alert</arg>
<arg>action=ACCEPT</arg>
<doc>Runs the given keyword with the given arguments and ignores possible error.</doc>
<status status="PASS" start="2025-12-14T11:54:18.700873" elapsed="5.792188"/>
</kw>
<kw name="Execute Javascript" owner="SeleniumLibrary">
<msg time="2025-12-14T11:54:24.495285" level="INFO">Executing JavaScript:
localStorage.clear()
Without any arguments.</msg>
<arg>localStorage.clear()</arg>
<doc>Executes the given JavaScript code with possible arguments.</doc>
<status status="PASS" start="2025-12-14T11:54:24.493741" elapsed="0.322147"/>
</kw>
<kw name="Reload Page" owner="SeleniumLibrary">
<doc>Simulates user reloading page.</doc>
<status status="PASS" start="2025-12-14T11:54:24.816366" elapsed="0.794047"/>
</kw>
<kw name="Wait Until Page Contains Element" owner="SeleniumLibrary">
<arg>css:[data-testid="tab-login"]</arg>
<doc>Waits until the element ``locator`` appears on the current page.</doc>
<status status="PASS" start="2025-12-14T11:54:25.611065" elapsed="0.327225"/>
</kw>
<status status="PASS" start="2025-12-14T11:54:18.699906" elapsed="7.239142"/>
</kw>
<kw name="Click Element" owner="SeleniumLibrary">
<msg time="2025-12-14T11:54:25.945534" level="INFO">Clicking element 'css:[data-testid="tab-register"]'.</msg>
<arg>css:[data-testid="tab-register"]</arg>
<doc>Click the element identified by ``locator``.</doc>
<status status="PASS" start="2025-12-14T11:54:25.943322" elapsed="1.035047"/>
</kw>
<kw name="Wait Until Element Is Visible" owner="SeleniumLibrary">
<arg>css:[data-testid="register-form"]</arg>
<doc>Waits until the element ``locator`` is visible.</doc>
<status status="PASS" start="2025-12-14T11:54:26.979245" elapsed="0.673805"/>
</kw>
<kw name="Element Should Be Visible" owner="SeleniumLibrary">
<msg time="2025-12-14T11:54:28.310987" level="INFO">Element 'css:[data-testid="register-fullname"]' is displayed.</msg>
<arg>css:[data-testid="register-fullname"]</arg>
<doc>Verifies that the element identified by ``locator`` is visible.</doc>
<status status="PASS" start="2025-12-14T11:54:27.654323" elapsed="0.657379"/>
</kw>
<kw name="Page Should Contain" owner="SeleniumLibrary">
<msg time="2025-12-14T11:54:28.969057" level="INFO">Current page contains text 'Register to Vote'.</msg>
<arg>Register to Vote</arg>
<doc>Verifies that current page contains ``text``.</doc>
<status status="PASS" start="2025-12-14T11:54:28.312906" elapsed="0.656572"/>
</kw>
<kw name="Run Keyword If Test Failed" owner="BuiltIn" type="TEARDOWN">
<arg>Capture Page Screenshot</arg>
<doc>Runs the given keyword with the given arguments, if the test failed.</doc>
<status status="PASS" start="2025-12-14T11:54:28.971586" elapsed="0.001073"/>
</kw>
<tag>Functional</tag>
<tag>Registration</tag>
<tag>UI</tag>
<status status="PASS" start="2025-12-14T11:54:18.697257" elapsed="10.275948"/>
</test>
<test id="s1-t2" name="RF-TC-002: Successful User Registration" line="71">
<kw name="Reset Application State" type="SETUP">
<kw name="Run Keyword And Ignore Error" owner="BuiltIn">
<kw name="Handle Alert" owner="SeleniumLibrary">
<msg time="2025-12-14T11:54:28.982863" level="INFO">HANDLE::&lt;class 'NoneType'&gt;::None</msg>
<msg time="2025-12-14T11:54:35.042990" level="INFO" html="true">&lt;/td&gt;&lt;/tr&gt;&lt;tr&gt;&lt;td colspan="3"&gt;&lt;a href="selenium-screenshot-100.png"&gt;&lt;img src="selenium-screenshot-100.png" width="800px"&gt;&lt;/a&gt;</msg>
<msg time="2025-12-14T11:54:35.043360" level="FAIL">Alert not found in 5 seconds.</msg>
<arg>action=ACCEPT</arg>
<doc>Handles the current alert and returns its message.</doc>
<status status="FAIL" start="2025-12-14T11:54:28.982234" elapsed="6.065109">Alert not found in 5 seconds.</status>
</kw>
<arg>Handle Alert</arg>
<arg>action=ACCEPT</arg>
<doc>Runs the given keyword with the given arguments and ignores possible error.</doc>
<status status="PASS" start="2025-12-14T11:54:28.980579" elapsed="6.067054"/>
</kw>
<kw name="Execute Javascript" owner="SeleniumLibrary">
<msg time="2025-12-14T11:54:35.049122" level="INFO">Executing JavaScript:
localStorage.clear()
Without any arguments.</msg>
<arg>localStorage.clear()</arg>
<doc>Executes the given JavaScript code with possible arguments.</doc>
<status status="PASS" start="2025-12-14T11:54:35.048114" elapsed="0.311590"/>
</kw>
<kw name="Reload Page" owner="SeleniumLibrary">
<doc>Simulates user reloading page.</doc>
<status status="PASS" start="2025-12-14T11:54:35.360133" elapsed="0.444649"/>
</kw>
<kw name="Wait Until Page Contains Element" owner="SeleniumLibrary">
<arg>css:[data-testid="tab-login"]</arg>
<doc>Waits until the element ``locator`` appears on the current page.</doc>
<status status="PASS" start="2025-12-14T11:54:35.805837" elapsed="0.334217"/>
</kw>
<status status="PASS" start="2025-12-14T11:54:28.978227" elapsed="7.162153"/>
</kw>
<kw name="Register New User">
<kw name="Click Element" owner="SeleniumLibrary">
<msg time="2025-12-14T11:54:36.142868" level="INFO">Clicking element 'css:[data-testid="tab-register"]'.</msg>
<arg>css:[data-testid="tab-register"]</arg>
<doc>Click the element identified by ``locator``.</doc>
<status status="PASS" start="2025-12-14T11:54:36.142327" elapsed="0.741782"/>
</kw>
<kw name="Wait Until Element Is Visible" owner="SeleniumLibrary">
<arg>css:[data-testid="register-form"]</arg>
<doc>Waits until the element ``locator`` is visible.</doc>
<status status="PASS" start="2025-12-14T11:54:36.884605" elapsed="0.653443"/>
</kw>
<kw name="Input Text" owner="SeleniumLibrary">
<msg time="2025-12-14T11:54:37.538967" level="INFO">Typing text 'Test User' into text field 'css:[data-testid="register-fullname"]'.</msg>
<arg>css:[data-testid="register-fullname"]</arg>
<arg>${name}</arg>
<doc>Types the given ``text`` into the text field identified by ``locator``.</doc>
<status status="PASS" start="2025-12-14T11:54:37.538466" elapsed="1.230517"/>
</kw>
<kw name="Input Text" owner="SeleniumLibrary">
<msg time="2025-12-14T11:54:38.770325" level="INFO">Typing text 'test@example.com' into text field 'css:[data-testid="register-email"]'.</msg>
<arg>css:[data-testid="register-email"]</arg>
<arg>${email}</arg>
<doc>Types the given ``text`` into the text field identified by ``locator``.</doc>
<status status="PASS" start="2025-12-14T11:54:38.769710" elapsed="1.212442"/>
</kw>
<kw name="Input Text" owner="SeleniumLibrary">
<msg time="2025-12-14T11:54:39.982726" level="INFO">Typing text 'BSEF22M001' into text field 'css:[data-testid="register-studentid"]'.</msg>
<arg>css:[data-testid="register-studentid"]</arg>
<arg>${student_id}</arg>
<doc>Types the given ``text`` into the text field identified by ``locator``.</doc>
<status status="PASS" start="2025-12-14T11:54:39.982401" elapsed="1.123313"/>
</kw>
<kw name="Input Text" owner="SeleniumLibrary">
<msg time="2025-12-14T11:54:41.106347" level="INFO">Typing text 'password123' into text field 'css:[data-testid="register-password"]'.</msg>
<arg>css:[data-testid="register-password"]</arg>
<arg>${password}</arg>
<doc>Types the given ``text`` into the text field identified by ``locator``.</doc>
<status status="PASS" start="2025-12-14T11:54:41.106012" elapsed="1.164985"/>
</kw>
<kw name="Input Text" owner="SeleniumLibrary">
<msg time="2025-12-14T11:54:42.272237" level="INFO">Typing text 'password123' into text field 'css:[data-testid="register-confirm-password"]'.</msg>
<arg>css:[data-testid="register-confirm-password"]</arg>
<arg>${password}</arg>
<doc>Types the given ``text`` into the text field identified by ``locator``.</doc>
<status status="PASS" start="2025-12-14T11:54:42.271611" elapsed="1.143710"/>
</kw>
<kw name="Click Element" owner="SeleniumLibrary">
<msg time="2025-12-14T11:54:43.416655" level="INFO">Clicking element 'css:[data-testid="register-submit"]'.</msg>
<arg>css:[data-testid="register-submit"]</arg>
<doc>Click the element identified by ``locator``.</doc>
<status status="PASS" start="2025-12-14T11:54:43.415965" elapsed="0.807521"/>
</kw>
<kw name="Sleep" owner="BuiltIn">
<msg time="2025-12-14T11:54:44.725647" level="INFO">Slept 500 milliseconds.</msg>
<arg>0.5s</arg>
<doc>Pauses the test executed for the given time.</doc>
<status status="PASS" start="2025-12-14T11:54:44.224079" elapsed="0.501888"/>
</kw>
<arg>${VALID_NAME}</arg>
<arg>${VALID_EMAIL}</arg>
<arg>${VALID_STUDENT_ID}</arg>
<arg>${VALID_PASSWORD}</arg>
<status status="PASS" start="2025-12-14T11:54:36.141367" elapsed="8.584882"/>
</kw>
<kw name="Alert Should Be Present" owner="SeleniumLibrary">
<msg time="2025-12-14T11:54:44.727167" level="INFO">HANDLE::&lt;class 'NoneType'&gt;::None</msg>
<arg>text=Registration successful! Please login.</arg>
<doc>Verifies that an alert is present and by default, accepts it.</doc>
<status status="PASS" start="2025-12-14T11:54:44.726879" elapsed="0.918008"/>
</kw>
<kw name="Wait Until Element Is Visible" owner="SeleniumLibrary">
<arg>css:[data-testid="login-form"]</arg>
<doc>Waits until the element ``locator`` is visible.</doc>
<status status="PASS" start="2025-12-14T11:54:45.645975" elapsed="0.651894"/>
</kw>
<kw name="Run Keyword If Test Failed" owner="BuiltIn" type="TEARDOWN">
<arg>Capture Page Screenshot</arg>
<doc>Runs the given keyword with the given arguments, if the test failed.</doc>
<status status="PASS" start="2025-12-14T11:54:46.299181" elapsed="0.000801"/>
</kw>
<tag>Functional</tag>
<tag>Positive</tag>
<tag>Registration</tag>
<status status="PASS" start="2025-12-14T11:54:28.976305" elapsed="17.324222"/>
</test>
<test id="s1-t3" name="RF-TC-003: Registration With Empty Fields" line="78">
<kw name="Reset Application State" type="SETUP">
<kw name="Run Keyword And Ignore Error" owner="BuiltIn">
<kw name="Handle Alert" owner="SeleniumLibrary">
<msg time="2025-12-14T11:54:46.305635" level="INFO">HANDLE::&lt;class 'NoneType'&gt;::None</msg>
<msg time="2025-12-14T11:54:51.986151" level="INFO" html="true">&lt;/td&gt;&lt;/tr&gt;&lt;tr&gt;&lt;td colspan="3"&gt;&lt;a href="selenium-screenshot-101.png"&gt;&lt;img src="selenium-screenshot-101.png" width="800px"&gt;&lt;/a&gt;</msg>
<msg time="2025-12-14T11:54:51.986684" level="FAIL">Alert not found in 5 seconds.</msg>
<arg>action=ACCEPT</arg>
<doc>Handles the current alert and returns its message.</doc>
<status status="FAIL" start="2025-12-14T11:54:46.305154" elapsed="5.684339">Alert not found in 5 seconds.</status>
</kw>
<arg>Handle Alert</arg>
<arg>action=ACCEPT</arg>
<doc>Runs the given keyword with the given arguments and ignores possible error.</doc>
<status status="PASS" start="2025-12-14T11:54:46.304279" elapsed="5.685710"/>
</kw>
<kw name="Execute Javascript" owner="SeleniumLibrary">
<msg time="2025-12-14T11:54:51.992173" level="INFO">Executing JavaScript:
localStorage.clear()
Without any arguments.</msg>
<arg>localStorage.clear()</arg>
<doc>Executes the given JavaScript code with possible arguments.</doc>
<status status="PASS" start="2025-12-14T11:54:51.990603" elapsed="0.312136"/>
</kw>
<kw name="Reload Page" owner="SeleniumLibrary">
<doc>Simulates user reloading page.</doc>
<status status="PASS" start="2025-12-14T11:54:52.303324" elapsed="0.741470"/>
</kw>
<kw name="Wait Until Page Contains Element" owner="SeleniumLibrary">
<arg>css:[data-testid="tab-login"]</arg>
<doc>Waits until the element ``locator`` appears on the current page.</doc>
<status status="PASS" start="2025-12-14T11:54:53.045824" elapsed="0.317440"/>
</kw>
<status status="PASS" start="2025-12-14T11:54:46.303506" elapsed="7.060230"/>
</kw>
<kw name="Click Element" owner="SeleniumLibrary">
<msg time="2025-12-14T11:54:53.365589" level="INFO">Clicking element 'css:[data-testid="tab-register"]'.</msg>
<arg>css:[data-testid="tab-register"]</arg>
<doc>Click the element identified by ``locator``.</doc>
<status status="PASS" start="2025-12-14T11:54:53.364724" elapsed="0.800497"/>
</kw>
<kw name="Click Element" owner="SeleniumLibrary">
<msg time="2025-12-14T11:54:54.166378" level="INFO">Clicking element 'css:[data-testid="register-submit"]'.</msg>
<arg>css:[data-testid="register-submit"]</arg>
<doc>Click the element identified by ``locator``.</doc>
<status status="PASS" start="2025-12-14T11:54:54.166007" elapsed="0.791338"/>
</kw>
<kw name="Wait Until Element Is Visible" owner="SeleniumLibrary">
<arg>css:[data-testid="error-message"]</arg>
<doc>Waits until the element ``locator`` is visible.</doc>
<status status="PASS" start="2025-12-14T11:54:54.957759" elapsed="0.635878"/>
</kw>
<kw name="Element Should Contain" owner="SeleniumLibrary">
<msg time="2025-12-14T11:54:56.240756" level="INFO">Element 'css:[data-testid="error-message"]' contains text 'All fields are required'.</msg>
<arg>css:[data-testid="error-message"]</arg>
<arg>All fields are required</arg>
<doc>Verifies that element ``locator`` contains text ``expected``.</doc>
<status status="PASS" start="2025-12-14T11:54:55.594318" elapsed="0.646767"/>
</kw>
<kw name="Run Keyword If Test Failed" owner="BuiltIn" type="TEARDOWN">
<arg>Capture Page Screenshot</arg>
<doc>Runs the given keyword with the given arguments, if the test failed.</doc>
<status status="PASS" start="2025-12-14T11:54:56.241829" elapsed="0.000432"/>
</kw>
<tag>Functional</tag>
<tag>Negative</tag>
<tag>Registration</tag>
<status status="PASS" start="2025-12-14T11:54:46.301879" elapsed="9.940659"/>
</test>
<test id="s1-t4" name="RF-TC-004: Registration With Password Mismatch" line="85">
<kw name="Reset Application State" type="SETUP">
<kw name="Run Keyword And Ignore Error" owner="BuiltIn">
<kw name="Handle Alert" owner="SeleniumLibrary">
<msg time="2025-12-14T11:54:56.247477" level="INFO">HANDLE::&lt;class 'NoneType'&gt;::None</msg>
<msg time="2025-12-14T11:55:01.917707" level="INFO" html="true">&lt;/td&gt;&lt;/tr&gt;&lt;tr&gt;&lt;td colspan="3"&gt;&lt;a href="selenium-screenshot-102.png"&gt;&lt;img src="selenium-screenshot-102.png" width="800px"&gt;&lt;/a&gt;</msg>
<msg time="2025-12-14T11:55:01.918297" level="FAIL">Alert not found in 5 seconds.</msg>
<arg>action=ACCEPT</arg>
<doc>Handles the current alert and returns its message.</doc>
<status status="FAIL" start="2025-12-14T11:54:56.247133" elapsed="5.673886">Alert not found in 5 seconds.</status>
</kw>
<arg>Handle Alert</arg>
<arg>action=ACCEPT</arg>
<doc>Runs the given keyword with the given arguments and ignores possible error.</doc>
<status status="PASS" start="2025-12-14T11:54:56.246274" elapsed="5.675039"/>
</kw>
<kw name="Execute Javascript" owner="SeleniumLibrary">
<msg time="2025-12-14T11:55:01.923029" level="INFO">Executing JavaScript:
localStorage.clear()
Without any arguments.</msg>
<arg>localStorage.clear()</arg>
<doc>Executes the given JavaScript code with possible arguments.</doc>
<status status="PASS" start="2025-12-14T11:55:01.921724" elapsed="0.312527"/>
</kw>
<kw name="Reload Page" owner="SeleniumLibrary">
<doc>Simulates user reloading page.</doc>
<status status="PASS" start="2025-12-14T11:55:02.234668" elapsed="0.726871"/>
</kw>
<kw name="Wait Until Page Contains Element" owner="SeleniumLibrary">
<arg>css:[data-testid="tab-login"]</arg>
<doc>Waits until the element ``locator`` appears on the current page.</doc>
<status status="PASS" start="2025-12-14T11:55:02.962142" elapsed="0.318062"/>
</kw>
<status status="PASS" start="2025-12-14T11:54:56.245334" elapsed="7.035089"/>
</kw>
<kw name="Click Element" owner="SeleniumLibrary">
<msg time="2025-12-14T11:55:03.281323" level="INFO">Clicking element 'css:[data-testid="tab-register"]'.</msg>
<arg>css:[data-testid="tab-register"]</arg>
<doc>Click the element identified by ``locator``.</doc>
<status status="PASS" start="2025-12-14T11:55:03.280940" elapsed="0.750139"/>
</kw>
<kw name="Input Text" owner="SeleniumLibrary">
<msg time="2025-12-14T11:55:04.032396" level="INFO">Typing text 'Test User' into text field 'css:[data-testid="register-fullname"]'.</msg>
<arg>css:[data-testid="register-fullname"]</arg>
<arg>Test User</arg>
<doc>Types the given ``text`` into the text field identified by ``locator``.</doc>
<status status="PASS" start="2025-12-14T11:55:04.031986" elapsed="1.156571"/>
</kw>
<kw name="Input Text" owner="SeleniumLibrary">
<msg time="2025-12-14T11:55:05.190394" level="INFO">Typing text 'test@example.com' into text field 'css:[data-testid="register-email"]'.</msg>
<arg>css:[data-testid="register-email"]</arg>
<arg>test@example.com</arg>
<doc>Types the given ``text`` into the text field identified by ``locator``.</doc>
<status status="PASS" start="2025-12-14T11:55:05.189556" elapsed="1.178357"/>
</kw>
<kw name="Input Text" owner="SeleniumLibrary">
<msg time="2025-12-14T11:55:06.369559" level="INFO">Typing text 'BSEF22M999' into text field 'css:[data-testid="register-studentid"]'.</msg>
<arg>css:[data-testid="register-studentid"]</arg>
<arg>BSEF22M999</arg>
<doc>Types the given ``text`` into the text field identified by ``locator``.</doc>
<status status="PASS" start="2025-12-14T11:55:06.368875" elapsed="1.158482"/>
</kw>
<kw name="Input Text" owner="SeleniumLibrary">
<msg time="2025-12-14T11:55:07.528744" level="INFO">Typing text 'password123' into text field 'css:[data-testid="register-password"]'.</msg>
<arg>css:[data-testid="register-password"]</arg>
<arg>password123</arg>
<doc>Types the given ``text`` into the text field identified by ``locator``.</doc>
<status status="PASS" start="2025-12-14T11:55:07.528109" elapsed="1.133060"/>
</kw>
<kw name="Input Text" owner="SeleniumLibrary">
<msg time="2025-12-14T11:55:08.662197" level="INFO">Typing text 'different123' into text field 'css:[data-testid="register-confirm-password"]'.</msg>
<arg>css:[data-testid="register-confirm-password"]</arg>
<arg>different123</arg>
<doc>Types the given ``text`` into the text field identified by ``locator``.</doc>
<status status="PASS" start="2025-12-14T11:55:08.661794" elapsed="1.183305"/>
</kw>
<kw name="Click Element" owner="SeleniumLibrary">
<msg time="2025-12-14T11:55:09.845952" level="INFO">Clicking element 'css:[data-testid="register-submit"]'.</msg>
<arg>css:[data-testid="register-submit"]</arg>
<doc>Click the element identified by ``locator``.</doc>
<status status="PASS" start="2025-12-14T11:55:09.845609" elapsed="0.748527"/>
</kw>
<kw name="Wait Until Element Is Visible" owner="SeleniumLibrary">
<arg>css:[data-testid="error-message"]</arg>
<doc>Waits until the element ``locator`` is visible.</doc>
<status status="PASS" start="2025-12-14T11:55:10.594996" elapsed="0.644896"/>
</kw>
<kw name="Element Should Contain" owner="SeleniumLibrary">
<msg time="2025-12-14T11:55:11.886957" level="INFO">Element 'css:[data-testid="error-message"]' contains text 'Passwords do not match'.</msg>
<arg>css:[data-testid="error-message"]</arg>
<arg>Passwords do not match</arg>
<doc>Verifies that element ``locator`` contains text ``expected``.</doc>
<status status="PASS" start="2025-12-14T11:55:11.241465" elapsed="0.645831"/>
</kw>
<kw name="Run Keyword If Test Failed" owner="BuiltIn" type="TEARDOWN">
<arg>Capture Page Screenshot</arg>
<doc>Runs the given keyword with the given arguments, if the test failed.</doc>
<status status="PASS" start="2025-12-14T11:55:11.888311" elapsed="0.000966"/>
</kw>
<tag>Functional</tag>
<tag>Negative</tag>
<tag>Registration</tag>
<status status="PASS" start="2025-12-14T11:54:56.244161" elapsed="15.645464"/>
</test>
<test id="s1-t5" name="RF-TC-005: Registration With Short Password" line="97">
<kw name="Reset Application State" type="SETUP">
<kw name="Run Keyword And Ignore Error" owner="BuiltIn">
<kw name="Handle Alert" owner="SeleniumLibrary">
<msg time="2025-12-14T11:55:11.894990" level="INFO">HANDLE::&lt;class 'NoneType'&gt;::None</msg>
<msg time="2025-12-14T11:55:17.550463" level="INFO" html="true">&lt;/td&gt;&lt;/tr&gt;&lt;tr&gt;&lt;td colspan="3"&gt;&lt;a href="selenium-screenshot-103.png"&gt;&lt;img src="selenium-screenshot-103.png" width="800px"&gt;&lt;/a&gt;</msg>
<msg time="2025-12-14T11:55:17.550718" level="FAIL">Alert not found in 5 seconds.</msg>
<arg>action=ACCEPT</arg>
<doc>Handles the current alert and returns its message.</doc>
<status status="FAIL" start="2025-12-14T11:55:11.894702" elapsed="5.659608">Alert not found in 5 seconds.</status>
</kw>
<arg>Handle Alert</arg>
<arg>action=ACCEPT</arg>
<doc>Runs the given keyword with the given arguments and ignores possible error.</doc>
<status status="PASS" start="2025-12-14T11:55:11.893919" elapsed="5.660651"/>
</kw>
<kw name="Execute Javascript" owner="SeleniumLibrary">
<msg time="2025-12-14T11:55:17.556222" level="INFO">Executing JavaScript:
localStorage.clear()
Without any arguments.</msg>
<arg>localStorage.clear()</arg>
<doc>Executes the given JavaScript code with possible arguments.</doc>
<status status="PASS" start="2025-12-14T11:55:17.554889" elapsed="0.315691"/>
</kw>
<kw name="Reload Page" owner="SeleniumLibrary">
<doc>Simulates user reloading page.</doc>
<status status="PASS" start="2025-12-14T11:55:17.871260" elapsed="0.723371"/>
</kw>
<kw name="Wait Until Page Contains Element" owner="SeleniumLibrary">
<arg>css:[data-testid="tab-login"]</arg>
<doc>Waits until the element ``locator`` appears on the current page.</doc>
<status status="PASS" start="2025-12-14T11:55:18.595082" elapsed="0.314897"/>
</kw>
<status status="PASS" start="2025-12-14T11:55:11.892233" elapsed="7.017952"/>
</kw>
<kw name="Click Element" owner="SeleniumLibrary">
<msg time="2025-12-14T11:55:18.910827" level="INFO">Clicking element 'css:[data-testid="tab-register"]'.</msg>
<arg>css:[data-testid="tab-register"]</arg>
<doc>Click the element identified by ``locator``.</doc>
<status status="PASS" start="2025-12-14T11:55:18.910586" elapsed="0.792485"/>
</kw>
<kw name="Input Text" owner="SeleniumLibrary">
<msg time="2025-12-14T11:55:19.703854" level="INFO">Typing text 'Test User' into text field 'css:[data-testid="register-fullname"]'.</msg>
<arg>css:[data-testid="register-fullname"]</arg>
<arg>Test User</arg>
<doc>Types the given ``text`` into the text field identified by ``locator``.</doc>
<status status="PASS" start="2025-12-14T11:55:19.703534" elapsed="1.143329"/>
</kw>
<kw name="Input Text" owner="SeleniumLibrary">
<msg time="2025-12-14T11:55:20.848662" level="INFO">Typing text 'test2@example.com' into text field 'css:[data-testid="register-email"]'.</msg>
<arg>css:[data-testid="register-email"]</arg>
<arg>test2@example.com</arg>
<doc>Types the given ``text`` into the text field identified by ``locator``.</doc>
<status status="PASS" start="2025-12-14T11:55:20.847965" elapsed="1.221535"/>
</kw>
<kw name="Input Text" owner="SeleniumLibrary">
<msg time="2025-12-14T11:55:22.070938" level="INFO">Typing text 'BSEF22M888' into text field 'css:[data-testid="register-studentid"]'.</msg>
<arg>css:[data-testid="register-studentid"]</arg>
<arg>BSEF22M888</arg>
<doc>Types the given ``text`` into the text field identified by ``locator``.</doc>
<status status="PASS" start="2025-12-14T11:55:22.070413" elapsed="1.150536"/>
</kw>
<kw name="Input Text" owner="SeleniumLibrary">
<msg time="2025-12-14T11:55:23.223709" level="INFO">Typing text '123' into text field 'css:[data-testid="register-password"]'.</msg>
<arg>css:[data-testid="register-password"]</arg>
<arg>123</arg>
<doc>Types the given ``text`` into the text field identified by ``locator``.</doc>
<status status="PASS" start="2025-12-14T11:55:23.222592" elapsed="1.114418"/>
</kw>
<kw name="Input Text" owner="SeleniumLibrary">
<msg time="2025-12-14T11:55:24.338335" level="INFO">Typing text '123' into text field 'css:[data-testid="register-confirm-password"]'.</msg>
<arg>css:[data-testid="register-confirm-password"]</arg>
<arg>123</arg>
<doc>Types the given ``text`` into the text field identified by ``locator``.</doc>
<status status="PASS" start="2025-12-14T11:55:24.337920" elapsed="1.112352"/>
</kw>
<kw name="Click Element" owner="SeleniumLibrary">
<msg time="2025-12-14T11:55:25.451958" level="INFO">Clicking element 'css:[data-testid="register-submit"]'.</msg>
<arg>css:[data-testid="register-submit"]</arg>
<doc>Click the element identified by ``locator``.</doc>
<status status="PASS" start="2025-12-14T11:55:25.451402" elapsed="0.758958"/>
</kw>
<kw name="Wait Until Element Is Visible" owner="SeleniumLibrary">
<arg>css:[data-testid="error-message"]</arg>
<doc>Waits until the element ``locator`` is visible.</doc>
<status status="PASS" start="2025-12-14T11:55:26.211389" elapsed="0.627904"/>
</kw>
<kw name="Element Should Contain" owner="SeleniumLibrary">
<msg time="2025-12-14T11:55:27.500644" level="INFO">Element 'css:[data-testid="error-message"]' contains text 'at least 6 characters'.</msg>
<arg>css:[data-testid="error-message"]</arg>
<arg>at least 6 characters</arg>
<doc>Verifies that element ``locator`` contains text ``expected``.</doc>
<status status="PASS" start="2025-12-14T11:55:26.840286" elapsed="0.660706"/>
</kw>
<kw name="Run Keyword If Test Failed" owner="BuiltIn" type="TEARDOWN">
<arg>Capture Page Screenshot</arg>
<doc>Runs the given keyword with the given arguments, if the test failed.</doc>
<status status="PASS" start="2025-12-14T11:55:27.502247" elapsed="0.001033"/>
</kw>
<tag>Functional</tag>
<tag>Negative</tag>
<tag>Registration</tag>
<tag>Security</tag>
<status status="PASS" start="2025-12-14T11:55:11.890778" elapsed="15.614178"/>
</test>
<test id="s1-t6" name="RF-TC-006: Registration With Duplicate Email" line="109">
<kw name="Reset Application State" type="SETUP">
<kw name="Run Keyword And Ignore Error" owner="BuiltIn">
<kw name="Handle Alert" owner="SeleniumLibrary">
<msg time="2025-12-14T11:55:27.509345" level="INFO">HANDLE::&lt;class 'NoneType'&gt;::None</msg>
<msg time="2025-12-14T11:55:33.145294" level="INFO" html="true">&lt;/td&gt;&lt;/tr&gt;&lt;tr&gt;&lt;td colspan="3"&gt;&lt;a href="selenium-screenshot-104.png"&gt;&lt;img src="selenium-screenshot-104.png" width="800px"&gt;&lt;/a&gt;</msg>
<msg time="2025-12-14T11:55:33.145761" level="FAIL">Alert not found in 5 seconds.</msg>
<arg>action=ACCEPT</arg>
<doc>Handles the current alert and returns its message.</doc>
<status status="FAIL" start="2025-12-14T11:55:27.509136" elapsed="5.639284">Alert not found in 5 seconds.</status>
</kw>
<arg>Handle Alert</arg>
<arg>action=ACCEPT</arg>
<doc>Runs the given keyword with the given arguments and ignores possible error.</doc>
<status status="PASS" start="2025-12-14T11:55:27.508313" elapsed="5.640355"/>
</kw>
<kw name="Execute Javascript" owner="SeleniumLibrary">
<msg time="2025-12-14T11:55:33.149798" level="INFO">Executing JavaScript:
localStorage.clear()
Without any arguments.</msg>
<arg>localStorage.clear()</arg>
<doc>Executes the given JavaScript code with possible arguments.</doc>
<status status="PASS" start="2025-12-14T11:55:33.148982" elapsed="0.316124"/>
</kw>
<kw name="Reload Page" owner="SeleniumLibrary">
<doc>Simulates user reloading page.</doc>
<status status="PASS" start="2025-12-14T11:55:33.465719" elapsed="0.725119"/>
</kw>
<kw name="Wait Until Page Contains Element" owner="SeleniumLibrary">
<arg>css:[data-testid="tab-login"]</arg>
<doc>Waits until the element ``locator`` appears on the current page.</doc>
<status status="PASS" start="2025-12-14T11:55:34.191456" elapsed="0.320735"/>
</kw>
<status status="PASS" start="2025-12-14T11:55:27.507714" elapsed="7.004911"/>
</kw>
<kw name="Register New User">
<kw name="Click Element" owner="SeleniumLibrary">
<msg time="2025-12-14T11:55:34.515570" level="INFO">Clicking element 'css:[data-testid="tab-register"]'.</msg>
<arg>css:[data-testid="tab-register"]</arg>
<doc>Click the element identified by ``locator``.</doc>
<status status="PASS" start="2025-12-14T11:55:34.514987" elapsed="0.808768"/>
</kw>
<kw name="Wait Until Element Is Visible" owner="SeleniumLibrary">
<arg>css:[data-testid="register-form"]</arg>
<doc>Waits until the element ``locator`` is visible.</doc>
<status status="PASS" start="2025-12-14T11:55:35.324270" elapsed="0.641418"/>
</kw>
<kw name="Input Text" owner="SeleniumLibrary">
<msg time="2025-12-14T11:55:35.966893" level="INFO">Typing text 'First User' into text field 'css:[data-testid="register-fullname"]'.</msg>
<arg>css:[data-testid="register-fullname"]</arg>
<arg>${name}</arg>
<doc>Types the given ``text`` into the text field identified by ``locator``.</doc>
<status status="PASS" start="2025-12-14T11:55:35.966414" elapsed="1.174829"/>
</kw>
<kw name="Input Text" owner="SeleniumLibrary">
<msg time="2025-12-14T11:55:37.142022" level="INFO">Typing text 'duplicate@test.com' into text field 'css:[data-testid="register-email"]'.</msg>
<arg>css:[data-testid="register-email"]</arg>
<arg>${email}</arg>
<doc>Types the given ``text`` into the text field identified by ``locator``.</doc>
<status status="PASS" start="2025-12-14T11:55:37.141513" elapsed="1.215905"/>
</kw>
<kw name="Input Text" owner="SeleniumLibrary">
<msg time="2025-12-14T11:55:38.358392" level="INFO">Typing text 'BSEF22M111' into text field 'css:[data-testid="register-studentid"]'.</msg>
<arg>css:[data-testid="register-studentid"]</arg>
<arg>${student_id}</arg>
<doc>Types the given ``text`` into the text field identified by ``locator``.</doc>
<status status="PASS" start="2025-12-14T11:55:38.357890" elapsed="1.227047"/>
</kw>
<kw name="Input Text" owner="SeleniumLibrary">
<msg time="2025-12-14T11:55:39.586160" level="INFO">Typing text 'password123' into text field 'css:[data-testid="register-password"]'.</msg>
<arg>css:[data-testid="register-password"]</arg>
<arg>${password}</arg>
<doc>Types the given ``text`` into the text field identified by ``locator``.</doc>
<status status="PASS" start="2025-12-14T11:55:39.585367" elapsed="1.195257"/>
</kw>
<kw name="Input Text" owner="SeleniumLibrary">
<msg time="2025-12-14T11:55:40.781575" level="INFO">Typing text 'password123' into text field 'css:[data-testid="register-confirm-password"]'.</msg>
<arg>css:[data-testid="register-confirm-password"]</arg>
<arg>${password}</arg>
<doc>Types the given ``text`` into the text field identified by ``locator``.</doc>
<status status="PASS" start="2025-12-14T11:55:40.781034" elapsed="1.143624"/>
</kw>
<kw name="Click Element" owner="SeleniumLibrary">
<msg time="2025-12-14T11:55:41.925952" level="INFO">Clicking element 'css:[data-testid="register-submit"]'.</msg>
<arg>css:[data-testid="register-submit"]</arg>
<doc>Click the element identified by ``locator``.</doc>
<status status="PASS" start="2025-12-14T11:55:41.925292" elapsed="0.748177"/>
</kw>
<kw name="Sleep" owner="BuiltIn">
<msg time="2025-12-14T11:55:43.175366" level="INFO">Slept 500 milliseconds.</msg>
<arg>0.5s</arg>
<doc>Pauses the test executed for the given time.</doc>
<status status="PASS" start="2025-12-14T11:55:42.673937" elapsed="0.501647"/>
</kw>
<arg>First User</arg>
<arg>duplicate@test.com</arg>
<arg>BSEF22M111</arg>
<arg>password123</arg>
<status status="PASS" start="2025-12-14T11:55:34.513777" elapsed="8.662098"/>
</kw>
<kw name="Alert Should Be Present" owner="SeleniumLibrary">
<msg time="2025-12-14T11:55:43.177377" level="INFO">HANDLE::&lt;class 'NoneType'&gt;::None</msg>
<arg>text=Registration successful! Please login.</arg>
<doc>Verifies that an alert is present and by default, accepts it.</doc>
<status status="PASS" start="2025-12-14T11:55:43.176872" elapsed="0.914681"/>
</kw>
<kw name="Click Element" owner="SeleniumLibrary">
<msg time="2025-12-14T11:55:44.093557" level="INFO">Clicking element 'css:[data-testid="tab-register"]'.</msg>
<arg>css:[data-testid="tab-register"]</arg>
<doc>Click the element identified by ``locator``.</doc>
<status status="PASS" start="2025-12-14T11:55:44.092645" elapsed="0.757274"/>
</kw>
<kw name="Input Text" owner="SeleniumLibrary">
<msg time="2025-12-14T11:55:44.851569" level="INFO">Typing text 'Second User' into text field 'css:[data-testid="register-fullname"]'.</msg>
<arg>css:[data-testid="register-fullname"]</arg>
<arg>Second User</arg>
<doc>Types the given ``text`` into the text field identified by ``locator``.</doc>
<status status="PASS" start="2025-12-14T11:55:44.850826" elapsed="1.154684"/>
</kw>
<kw name="Input Text" owner="SeleniumLibrary">
<msg time="2025-12-14T11:55:46.007812" level="INFO">Typing text 'duplicate@test.com' into text field 'css:[data-testid="register-email"]'.</msg>
<arg>css:[data-testid="register-email"]</arg>
<arg>duplicate@test.com</arg>
<doc>Types the given ``text`` into the text field identified by ``locator``.</doc>
<status status="PASS" start="2025-12-14T11:55:46.007079" elapsed="1.221182"/>
</kw>
<kw name="Input Text" owner="SeleniumLibrary">
<msg time="2025-12-14T11:55:47.230151" level="INFO">Typing text 'BSEF22M222' into text field 'css:[data-testid="register-studentid"]'.</msg>
<arg>css:[data-testid="register-studentid"]</arg>
<arg>BSEF22M222</arg>
<doc>Types the given ``text`` into the text field identified by ``locator``.</doc>
<status status="PASS" start="2025-12-14T11:55:47.229332" elapsed="1.166576"/>
</kw>
<kw name="Input Text" owner="SeleniumLibrary">
<msg time="2025-12-14T11:55:48.397994" level="INFO">Typing text 'password123' into text field 'css:[data-testid="register-password"]'.</msg>
<arg>css:[data-testid="register-password"]</arg>
<arg>password123</arg>
<doc>Types the given ``text`` into the text field identified by ``locator``.</doc>
<status status="PASS" start="2025-12-14T11:55:48.397106" elapsed="1.207189"/>
</kw>
<kw name="Input Text" owner="SeleniumLibrary">
<msg time="2025-12-14T11:55:49.605108" level="INFO">Typing text 'password123' into text field 'css:[data-testid="register-confirm-password"]'.</msg>
<arg>css:[data-testid="register-confirm-password"]</arg>
<arg>password123</arg>
<doc>Types the given ``text`` into the text field identified by ``locator``.</doc>
<status status="PASS" start="2025-12-14T11:55:49.604767" elapsed="1.136422"/>
</kw>
<kw name="Click Element" owner="SeleniumLibrary">
<msg time="2025-12-14T11:55:50.742728" level="INFO">Clicking element 'css:[data-testid="register-submit"]'.</msg>
<arg>css:[data-testid="register-submit"]</arg>
<doc>Click the element identified by ``locator``.</doc>
<status status="PASS" start="2025-12-14T11:55:50.742457" elapsed="0.730928"/>
</kw>
<kw name="Wait Until Element Is Visible" owner="SeleniumLibrary">
<arg>css:[data-testid="error-message"]</arg>
<doc>Waits until the element ``locator`` is visible.</doc>
<status status="PASS" start="2025-12-14T11:55:51.474303" elapsed="0.641427"/>
</kw>
<kw name="Element Should Contain" owner="SeleniumLibrary">
<msg time="2025-12-14T11:55:52.763148" level="INFO">Element 'css:[data-testid="error-message"]' contains text 'Email already registered'.</msg>
<arg>css:[data-testid="error-message"]</arg>
<arg>Email already registered</arg>
<doc>Verifies that element ``locator`` contains text ``expected``.</doc>
<status status="PASS" start="2025-12-14T11:55:52.116733" elapsed="0.646764"/>
</kw>
<kw name="Run Keyword If Test Failed" owner="BuiltIn" type="TEARDOWN">
<arg>Capture Page Screenshot</arg>
<doc>Runs the given keyword with the given arguments, if the test failed.</doc>
<status status="PASS" start="2025-12-14T11:55:52.764884" elapsed="0.001237"/>
</kw>
<tag>DataValidation</tag>
<tag>Functional</tag>
<tag>Negative</tag>
<tag>Registration</tag>
<status status="PASS" start="2025-12-14T11:55:27.506939" elapsed="25.259856"/>
</test>
<test id="s1-t7" name="RF-TC-007: Registration With Duplicate Student ID" line="126">
<kw name="Reset Application State" type="SETUP">
<kw name="Run Keyword And Ignore Error" owner="BuiltIn">
<kw name="Handle Alert" owner="SeleniumLibrary">
<msg time="2025-12-14T11:55:52.773975" level="INFO">HANDLE::&lt;class 'NoneType'&gt;::None</msg>
<msg time="2025-12-14T11:55:58.437413" level="INFO" html="true">&lt;/td&gt;&lt;/tr&gt;&lt;tr&gt;&lt;td colspan="3"&gt;&lt;a href="selenium-screenshot-105.png"&gt;&lt;img src="selenium-screenshot-105.png" width="800px"&gt;&lt;/a&gt;</msg>
<msg time="2025-12-14T11:55:58.437731" level="FAIL">Alert not found in 5 seconds.</msg>
<arg>action=ACCEPT</arg>
<doc>Handles the current alert and returns its message.</doc>
<status status="FAIL" start="2025-12-14T11:55:52.773374" elapsed="5.666818">Alert not found in 5 seconds.</status>
</kw>
<arg>Handle Alert</arg>
<arg>action=ACCEPT</arg>
<doc>Runs the given keyword with the given arguments and ignores possible error.</doc>
<status status="PASS" start="2025-12-14T11:55:52.772505" elapsed="5.667947"/>
</kw>
<kw name="Execute Javascript" owner="SeleniumLibrary">
<msg time="2025-12-14T11:55:58.441599" level="INFO">Executing JavaScript:
localStorage.clear()
Without any arguments.</msg>
<arg>localStorage.clear()</arg>
<doc>Executes the given JavaScript code with possible arguments.</doc>
<status status="PASS" start="2025-12-14T11:55:58.440801" elapsed="0.310026"/>
</kw>
<kw name="Reload Page" owner="SeleniumLibrary">
<doc>Simulates user reloading page.</doc>
<status status="PASS" start="2025-12-14T11:55:58.751159" elapsed="0.455671"/>
</kw>
<kw name="Wait Until Page Contains Element" owner="SeleniumLibrary">
<arg>css:[data-testid="tab-login"]</arg>
<doc>Waits until the element ``locator`` appears on the current page.</doc>
<status status="PASS" start="2025-12-14T11:55:59.207234" elapsed="0.325123"/>
</kw>
<status status="PASS" start="2025-12-14T11:55:52.771706" elapsed="6.760934"/>
</kw>
<kw name="Register New User">
<kw name="Click Element" owner="SeleniumLibrary">
<msg time="2025-12-14T11:55:59.535376" level="INFO">Clicking element 'css:[data-testid="tab-register"]'.</msg>
<arg>css:[data-testid="tab-register"]</arg>
<doc>Click the element identified by ``locator``.</doc>
<status status="PASS" start="2025-12-14T11:55:59.534818" elapsed="0.744851"/>
</kw>
<kw name="Wait Until Element Is Visible" owner="SeleniumLibrary">
<arg>css:[data-testid="register-form"]</arg>
<doc>Waits until the element ``locator`` is visible.</doc>
<status status="PASS" start="2025-12-14T11:56:00.279973" elapsed="0.624196"/>
</kw>
<kw name="Input Text" owner="SeleniumLibrary">
<msg time="2025-12-14T11:56:00.905562" level="INFO">Typing text 'Student One' into text field 'css:[data-testid="register-fullname"]'.</msg>
<arg>css:[data-testid="register-fullname"]</arg>
<arg>${name}</arg>
<doc>Types the given ``text`` into the text field identified by ``locator``.</doc>
<status status="PASS" start="2025-12-14T11:56:00.904832" elapsed="1.204301"/>
</kw>
<kw name="Input Text" owner="SeleniumLibrary">
<msg time="2025-12-14T11:56:02.110557" level="INFO">Typing text 'student1@test.com' into text field 'css:[data-testid="register-email"]'.</msg>
<arg>css:[data-testid="register-email"]</arg>
<arg>${email}</arg>
<doc>Types the given ``text`` into the text field identified by ``locator``.</doc>
<status status="PASS" start="2025-12-14T11:56:02.109873" elapsed="1.195093"/>
</kw>
<kw name="Input Text" owner="SeleniumLibrary">
<msg time="2025-12-14T11:56:03.306508" level="INFO">Typing text 'BSEF22M333' into text field 'css:[data-testid="register-studentid"]'.</msg>
<arg>css:[data-testid="register-studentid"]</arg>
<arg>${student_id}</arg>
<doc>Types the given ``text`` into the text field identified by ``locator``.</doc>
<status status="PASS" start="2025-12-14T11:56:03.305641" elapsed="1.184911"/>
</kw>
<kw name="Input Text" owner="SeleniumLibrary">
<msg time="2025-12-14T11:56:04.491868" level="INFO">Typing text 'password123' into text field 'css:[data-testid="register-password"]'.</msg>
<arg>css:[data-testid="register-password"]</arg>
<arg>${password}</arg>
<doc>Types the given ``text`` into the text field identified by ``locator``.</doc>
<status status="PASS" start="2025-12-14T11:56:04.491125" elapsed="1.148412"/>
</kw>
<kw name="Input Text" owner="SeleniumLibrary">
<msg time="2025-12-14T11:56:05.640559" level="INFO">Typing text 'password123' into text field 'css:[data-testid="register-confirm-password"]'.</msg>
<arg>css:[data-testid="register-confirm-password"]</arg>
<arg>${password}</arg>
<doc>Types the given ``text`` into the text field identified by ``locator``.</doc>
<status status="PASS" start="2025-12-14T11:56:05.640021" elapsed="1.183197"/>
</kw>
<kw name="Click Element" owner="SeleniumLibrary">
<msg time="2025-12-14T11:56:06.824575" level="INFO">Clicking element 'css:[data-testid="register-submit"]'.</msg>
<arg>css:[data-testid="register-submit"]</arg>
<doc>Click the element identified by ``locator``.</doc>
<status status="PASS" start="2025-12-14T11:56:06.823876" elapsed="0.753649"/>
</kw>
<kw name="Sleep" owner="BuiltIn">
<msg time="2025-12-14T11:56:08.079719" level="INFO">Slept 500 milliseconds.</msg>
<arg>0.5s</arg>
<doc>Pauses the test executed for the given time.</doc>
<status status="PASS" start="2025-12-14T11:56:07.578117" elapsed="0.501945"/>
</kw>
<arg>Student One</arg>
<arg>student1@test.com</arg>
<arg>BSEF22M333</arg>
<arg>password123</arg>
<status status="PASS" start="2025-12-14T11:55:59.533733" elapsed="8.546718"/>
</kw>
<kw name="Alert Should Be Present" owner="SeleniumLibrary">
<msg time="2025-12-14T11:56:08.083071" level="INFO">HANDLE::&lt;class 'NoneType'&gt;::None</msg>
<arg>text=Registration successful! Please login.</arg>
<doc>Verifies that an alert is present and by default, accepts it.</doc>
<status status="PASS" start="2025-12-14T11:56:08.081668" elapsed="0.915050"/>
</kw>
<kw name="Click Element" owner="SeleniumLibrary">
<msg time="2025-12-14T11:56:08.998487" level="INFO">Clicking element 'css:[data-testid="tab-register"]'.</msg>
<arg>css:[data-testid="tab-register"]</arg>
<doc>Click the element identified by ``locator``.</doc>
<status status="PASS" start="2025-12-14T11:56:08.997743" elapsed="0.775428"/>
</kw>
<kw name="Input Text" owner="SeleniumLibrary">
<msg time="2025-12-14T11:56:09.774838" level="INFO">Typing text 'Student Two' into text field 'css:[data-testid="register-fullname"]'.</msg>
<arg>css:[data-testid="register-fullname"]</arg>
<arg>Student Two</arg>
<doc>Types the given ``text`` into the text field identified by ``locator``.</doc>
<status status="PASS" start="2025-12-14T11:56:09.774168" elapsed="1.125998"/>
</kw>
<kw name="Input Text" owner="SeleniumLibrary">
<msg time="2025-12-14T11:56:10.901801" level="INFO">Typing text 'student2@test.com' into text field 'css:[data-testid="register-email"]'.</msg>
<arg>css:[data-testid="register-email"]</arg>
<arg>student2@test.com</arg>
<doc>Types the given ``text`` into the text field identified by ``locator``.</doc>
<status status="PASS" start="2025-12-14T11:56:10.901176" elapsed="1.166303"/>
</kw>
<kw name="Input Text" owner="SeleniumLibrary">
<msg time="2025-12-14T11:56:12.068258" level="INFO">Typing text 'BSEF22M333' into text field 'css:[data-testid="register-studentid"]'.</msg>
<arg>css:[data-testid="register-studentid"]</arg>
<arg>BSEF22M333</arg>
<doc>Types the given ``text`` into the text field identified by ``locator``.</doc>
<status status="PASS" start="2025-12-14T11:56:12.067948" elapsed="1.521318"/>
</kw>
<kw name="Input Text" owner="SeleniumLibrary">
<msg time="2025-12-14T11:56:13.590833" level="INFO">Typing text 'password123' into text field 'css:[data-testid="register-password"]'.</msg>
<arg>css:[data-testid="register-password"]</arg>
<arg>password123</arg>
<doc>Types the given ``text`` into the text field identified by ``locator``.</doc>
<status status="PASS" start="2025-12-14T11:56:13.590143" elapsed="1.173411"/>
</kw>
<kw name="Input Text" owner="SeleniumLibrary">
<msg time="2025-12-14T11:56:14.765642" level="INFO">Typing text 'password123' into text field 'css:[data-testid="register-confirm-password"]'.</msg>
<arg>css:[data-testid="register-confirm-password"]</arg>
<arg>password123</arg>
<doc>Types the given ``text`` into the text field identified by ``locator``.</doc>
<status status="PASS" start="2025-12-14T11:56:14.764974" elapsed="1.143194"/>
</kw>
<kw name="Click Element" owner="SeleniumLibrary">
<msg time="2025-12-14T11:56:15.910724" level="INFO">Clicking element 'css:[data-testid="register-submit"]'.</msg>
<arg>css:[data-testid="register-submit"]</arg>
<doc>Click the element identified by ``locator``.</doc>
<status status="PASS" start="2025-12-14T11:56:15.909973" elapsed="0.761963"/>
</kw>
<kw name="Wait Until Element Is Visible" owner="SeleniumLibrary">
<arg>css:[data-testid="error-message"]</arg>
<doc>Waits until the element ``locator`` is visible.</doc>
<status status="PASS" start="2025-12-14T11:56:16.673035" elapsed="0.646270"/>
</kw>
<kw name="Element Should Contain" owner="SeleniumLibrary">
<msg time="2025-12-14T11:56:17.965273" level="INFO">Element 'css:[data-testid="error-message"]' contains text 'Student ID already registered'.</msg>
<arg>css:[data-testid="error-message"]</arg>
<arg>Student ID already registered</arg>
<doc>Verifies that element ``locator`` contains text ``expected``.</doc>
<status status="PASS" start="2025-12-14T11:56:17.320279" elapsed="0.645212"/>
</kw>
<kw name="Run Keyword If Test Failed" owner="BuiltIn" type="TEARDOWN">
<arg>Capture Page Screenshot</arg>
<doc>Runs the given keyword with the given arguments, if the test failed.</doc>
<status status="PASS" start="2025-12-14T11:56:17.966249" elapsed="0.000555"/>
</kw>
<tag>DataValidation</tag>
<tag>Functional</tag>
<tag>Negative</tag>
<tag>Registration</tag>
<status status="PASS" start="2025-12-14T11:55:52.770085" elapsed="25.197071"/>
</test>
<test id="s1-t8" name="RF-TC-008: Verify Login Form Elements" line="145">
<kw name="Reset Application State" type="SETUP">
<kw name="Run Keyword And Ignore Error" owner="BuiltIn">
<kw name="Handle Alert" owner="SeleniumLibrary">
<msg time="2025-12-14T11:56:17.971155" level="INFO">HANDLE::&lt;class 'NoneType'&gt;::None</msg>
<msg time="2025-12-14T11:56:23.630368" level="INFO" html="true">&lt;/td&gt;&lt;/tr&gt;&lt;tr&gt;&lt;td colspan="3"&gt;&lt;a href="selenium-screenshot-106.png"&gt;&lt;img src="selenium-screenshot-106.png" width="800px"&gt;&lt;/a&gt;</msg>
<msg time="2025-12-14T11:56:23.630598" level="FAIL">Alert not found in 5 seconds.</msg>
<arg>action=ACCEPT</arg>
<doc>Handles the current alert and returns its message.</doc>
<status status="FAIL" start="2025-12-14T11:56:17.970988" elapsed="5.661569">Alert not found in 5 seconds.</status>
</kw>
<arg>Handle Alert</arg>
<arg>action=ACCEPT</arg>
<doc>Runs the given keyword with the given arguments and ignores possible error.</doc>
<status status="PASS" start="2025-12-14T11:56:17.970524" elapsed="5.662210"/>
</kw>
<kw name="Execute Javascript" owner="SeleniumLibrary">
<msg time="2025-12-14T11:56:23.633515" level="INFO">Executing JavaScript:
localStorage.clear()
Without any arguments.</msg>
<arg>localStorage.clear()</arg>
<doc>Executes the given JavaScript code with possible arguments.</doc>
<status status="PASS" start="2025-12-14T11:56:23.632973" elapsed="0.311544"/>
</kw>
<kw name="Reload Page" owner="SeleniumLibrary">
<doc>Simulates user reloading page.</doc>
<status status="PASS" start="2025-12-14T11:56:23.944934" elapsed="0.763009"/>
</kw>
<kw name="Wait Until Page Contains Element" owner="SeleniumLibrary">
<arg>css:[data-testid="tab-login"]</arg>
<doc>Waits until the element ``locator`` appears on the current page.</doc>
<status status="PASS" start="2025-12-14T11:56:24.708283" elapsed="0.315741"/>
</kw>
<status status="PASS" start="2025-12-14T11:56:17.969575" elapsed="7.054893"/>
</kw>
<kw name="Click Element" owner="SeleniumLibrary">
<msg time="2025-12-14T11:56:25.026250" level="INFO">Clicking element 'css:[data-testid="tab-login"]'.</msg>
<arg>css:[data-testid="tab-login"]</arg>
<doc>Click the element identified by ``locator``.</doc>
<status status="PASS" start="2025-12-14T11:56:25.025503" elapsed="0.771298"/>
</kw>
<kw name="Wait Until Element Is Visible" owner="SeleniumLibrary">
<arg>css:[data-testid="login-form"]</arg>
<doc>Waits until the element ``locator`` is visible.</doc>
<status status="PASS" start="2025-12-14T11:56:25.797832" elapsed="0.657185"/>
</kw>
<kw name="Element Should Be Visible" owner="SeleniumLibrary">
<msg time="2025-12-14T11:56:27.100075" level="INFO">Element 'css:[data-testid="login-submit"]' is displayed.</msg>
<arg>css:[data-testid="login-submit"]</arg>
<doc>Verifies that the element identified by ``locator`` is visible.</doc>
<status status="PASS" start="2025-12-14T11:56:26.456002" elapsed="0.644338"/>
</kw>
<kw name="Run Keyword If Test Failed" owner="BuiltIn" type="TEARDOWN">
<arg>Capture Page Screenshot</arg>
<doc>Runs the given keyword with the given arguments, if the test failed.</doc>
<status status="PASS" start="2025-12-14T11:56:27.101257" elapsed="0.000849"/>
</kw>
<tag>Functional</tag>
<tag>Login</tag>
<tag>UI</tag>
<status status="PASS" start="2025-12-14T11:56:17.968364" elapsed="9.134412"/>
</test>
<test id="s1-t9" name="RF-TC-009: Successful User Login" line="151">
<kw name="Reset Application State" type="SETUP">
<kw name="Run Keyword And Ignore Error" owner="BuiltIn">
<kw name="Handle Alert" owner="SeleniumLibrary">
<msg time="2025-12-14T11:56:27.109019" level="INFO">HANDLE::&lt;class 'NoneType'&gt;::None</msg>
<msg time="2025-12-14T11:56:32.758490" level="INFO" html="true">&lt;/td&gt;&lt;/tr&gt;&lt;tr&gt;&lt;td colspan="3"&gt;&lt;a href="selenium-screenshot-107.png"&gt;&lt;img src="selenium-screenshot-107.png" width="800px"&gt;&lt;/a&gt;</msg>
<msg time="2025-12-14T11:56:32.759047" level="FAIL">Alert not found in 5 seconds.</msg>
<arg>action=ACCEPT</arg>
<doc>Handles the current alert and returns its message.</doc>
<status status="FAIL" start="2025-12-14T11:56:27.108679" elapsed="5.654587">Alert not found in 5 seconds.</status>
</kw>
<arg>Handle Alert</arg>
<arg>action=ACCEPT</arg>
<doc>Runs the given keyword with the given arguments and ignores possible error.</doc>
<status status="PASS" start="2025-12-14T11:56:27.107962" elapsed="5.655800"/>
</kw>
<kw name="Execute Javascript" owner="SeleniumLibrary">
<msg time="2025-12-14T11:56:32.765635" level="INFO">Executing JavaScript:
localStorage.clear()
Without any arguments.</msg>
<arg>localStorage.clear()</arg>
<doc>Executes the given JavaScript code with possible arguments.</doc>
<status status="PASS" start="2025-12-14T11:56:32.764354" elapsed="0.316696"/>
</kw>
<kw name="Reload Page" owner="SeleniumLibrary">
<doc>Simulates user reloading page.</doc>
<status status="PASS" start="2025-12-14T11:56:33.081465" elapsed="0.462421"/>
</kw>
<kw name="Wait Until Page Contains Element" owner="SeleniumLibrary">
<arg>css:[data-testid="tab-login"]</arg>
<doc>Waits until the element ``locator`` appears on the current page.</doc>
<status status="PASS" start="2025-12-14T11:56:33.544559" elapsed="0.321273"/>
</kw>
<status status="PASS" start="2025-12-14T11:56:27.107315" elapsed="6.758797"/>
</kw>
<kw name="Register New User">
<kw name="Click Element" owner="SeleniumLibrary">
<msg time="2025-12-14T11:56:33.867633" level="INFO">Clicking element 'css:[data-testid="tab-register"]'.</msg>
<arg>css:[data-testid="tab-register"]</arg>
<doc>Click the element identified by ``locator``.</doc>
<status status="PASS" start="2025-12-14T11:56:33.867436" elapsed="0.782842"/>
</kw>
<kw name="Wait Until Element Is Visible" owner="SeleniumLibrary">
<arg>css:[data-testid="register-form"]</arg>
<doc>Waits until the element ``locator`` is visible.</doc>
<status status="PASS" start="2025-12-14T11:56:34.650500" elapsed="0.634437"/>
</kw>
<kw name="Input Text" owner="SeleniumLibrary">
<msg time="2025-12-14T11:56:35.286311" level="INFO">Typing text 'Login User' into text field 'css:[data-testid="register-fullname"]'.</msg>
<arg>css:[data-testid="register-fullname"]</arg>
<arg>${name}</arg>
<doc>Types the given ``text`` into the text field identified by ``locator``.</doc>
<status status="PASS" start="2025-12-14T11:56:35.285534" elapsed="1.120317"/>
</kw>
<kw name="Input Text" owner="SeleniumLibrary">
<msg time="2025-12-14T11:56:36.407885" level="INFO">Typing text 'login@test.com' into text field 'css:[data-testid="register-email"]'.</msg>
<arg>css:[data-testid="register-email"]</arg>
<arg>${email}</arg>
<doc>Types the given ``text`` into the text field identified by ``locator``.</doc>
<status status="PASS" start="2025-12-14T11:56:36.406369" elapsed="1.197510"/>
</kw>
<kw name="Input Text" owner="SeleniumLibrary">
<msg time="2025-12-14T11:56:37.605512" level="INFO">Typing text 'BSEF22M444' into text field 'css:[data-testid="register-studentid"]'.</msg>
<arg>css:[data-testid="register-studentid"]</arg>
<arg>${student_id}</arg>
<doc>Types the given ``text`` into the text field identified by ``locator``.</doc>
<status status="PASS" start="2025-12-14T11:56:37.604526" elapsed="1.130611"/>
</kw>
<kw name="Input Text" owner="SeleniumLibrary">
<msg time="2025-12-14T11:56:38.735812" level="INFO">Typing text 'securepass123' into text field 'css:[data-testid="register-password"]'.</msg>
<arg>css:[data-testid="register-password"]</arg>
<arg>${password}</arg>
<doc>Types the given ``text`` into the text field identified by ``locator``.</doc>
<status status="PASS" start="2025-12-14T11:56:38.735429" elapsed="1.165650"/>
</kw>
<kw name="Input Text" owner="SeleniumLibrary">
<msg time="2025-12-14T11:56:39.902383" level="INFO">Typing text 'securepass123' into text field 'css:[data-testid="register-confirm-password"]'.</msg>
<arg>css:[data-testid="register-confirm-password"]</arg>
<arg>${password}</arg>
<doc>Types the given ``text`` into the text field identified by ``locator``.</doc>
<status status="PASS" start="2025-12-14T11:56:39.901604" elapsed="1.151663"/>
</kw>
<kw name="Click Element" owner="SeleniumLibrary">
<msg time="2025-12-14T11:56:41.054743" level="INFO">Clicking element 'css:[data-testid="register-submit"]'.</msg>
<arg>css:[data-testid="register-submit"]</arg>
<doc>Click the element identified by ``locator``.</doc>
<status status="PASS" start="2025-12-14T11:56:41.054062" elapsed="0.762253"/>
</kw>
<kw name="Sleep" owner="BuiltIn">
<msg time="2025-12-14T11:56:42.317819" level="INFO">Slept 500 milliseconds.</msg>
<arg>0.5s</arg>
<doc>Pauses the test executed for the given time.</doc>
<status status="PASS" start="2025-12-14T11:56:41.816755" elapsed="0.501244"/>
</kw>
<arg>Login User</arg>
<arg>login@test.com</arg>
<arg>BSEF22M444</arg>
<arg>securepass123</arg>
<status status="PASS" start="2025-12-14T11:56:33.866830" elapsed="8.451349"/>
</kw>
<kw name="Alert Should Be Present" owner="SeleniumLibrary">
<msg time="2025-12-14T11:56:42.319108" level="INFO">HANDLE::&lt;class 'NoneType'&gt;::None</msg>
<arg>text=Registration successful! Please login.</arg>
<doc>Verifies that an alert is present and by default, accepts it.</doc>
<status status="PASS" start="2025-12-14T11:56:42.318743" elapsed="0.917682"/>
</kw>
<kw name="Login User">
<kw name="Click Element" owner="SeleniumLibrary">
<msg time="2025-12-14T11:56:43.238704" level="INFO">Clicking element 'css:[data-testid="tab-login"]'.</msg>
<arg>css:[data-testid="tab-login"]</arg>
<doc>Click the element identified by ``locator``.</doc>
<status status="PASS" start="2025-12-14T11:56:43.238407" elapsed="0.755355"/>
</kw>
<kw name="Wait Until Element Is Visible" owner="SeleniumLibrary">
<arg>css:[data-testid="login-form"]</arg>
<doc>Waits until the element ``locator`` is visible.</doc>
<status status="PASS" start="2025-12-14T11:56:43.994386" elapsed="0.631265"/>
</kw>
<kw name="Input Text" owner="SeleniumLibrary">
<msg time="2025-12-14T11:56:44.627279" level="INFO">Typing text 'login@test.com' into text field 'css:[data-testid="login-email"]'.</msg>
<arg>css:[data-testid="login-email"]</arg>
<arg>${email}</arg>
<doc>Types the given ``text`` into the text field identified by ``locator``.</doc>
<status status="PASS" start="2025-12-14T11:56:44.626330" elapsed="1.173344"/>
</kw>
<kw name="Input Text" owner="SeleniumLibrary">
<msg time="2025-12-14T11:56:45.801048" level="INFO">Typing text 'securepass123' into text field 'css:[data-testid="login-password"]'.</msg>
<arg>css:[data-testid="login-password"]</arg>
<arg>${password}</arg>
<doc>Types the given ``text`` into the text field identified by ``locator``.</doc>
<status status="PASS" start="2025-12-14T11:56:45.800275" elapsed="1.148272"/>
</kw>
<kw name="Click Element" owner="SeleniumLibrary">
<msg time="2025-12-14T11:56:46.949798" level="INFO">Clicking element 'css:[data-testid="login-submit"]'.</msg>
<arg>css:[data-testid="login-submit"]</arg>
<doc>Click the element identified by ``locator``.</doc>
<status status="PASS" start="2025-12-14T11:56:46.949168" elapsed="0.801085"/>
</kw>
<kw name="Sleep" owner="BuiltIn">
<msg time="2025-12-14T11:56:48.252672" level="INFO">Slept 500 milliseconds.</msg>
<arg>0.5s</arg>
<doc>Pauses the test executed for the given time.</doc>
<status status="PASS" start="2025-12-14T11:56:47.750879" elapsed="0.502095"/>
</kw>
<arg>login@test.com</arg>
<arg>securepass123</arg>
<status status="PASS" start="2025-12-14T11:56:43.237741" elapsed="5.015613"/>
</kw>
<kw name="Wait Until Element Is Visible" owner="SeleniumLibrary">
<arg>css:[data-testid="elections-list"]</arg>
<doc>Waits until the element ``locator`` is visible.</doc>
<status status="PASS" start="2025-12-14T11:56:48.254282" elapsed="0.647024"/>
</kw>
<kw name="Page Should Contain" owner="SeleniumLibrary">
<msg time="2025-12-14T11:56:49.547115" level="INFO">Current page contains text 'Login User'.</msg>
<arg>Login User</arg>
<doc>Verifies that current page contains ``text``.</doc>
<status status="PASS" start="2025-12-14T11:56:48.902283" elapsed="0.645128"/>
</kw>
<kw name="Run Keyword If Test Failed" owner="BuiltIn" type="TEARDOWN">
<arg>Capture Page Screenshot</arg>
<doc>Runs the given keyword with the given arguments, if the test failed.</doc>
<status status="PASS" start="2025-12-14T11:56:49.548503" elapsed="0.001103"/>
</kw>
<tag>Functional</tag>
<tag>Login</tag>
<tag>Positive</tag>
<status status="PASS" start="2025-12-14T11:56:27.105915" elapsed="22.444498"/>
</test>
<test id="s1-t10" name="RF-TC-010: Login With Invalid Credentials" line="159">
<kw name="Reset Application State" type="SETUP">
<kw name="Run Keyword And Ignore Error" owner="BuiltIn">
<kw name="Handle Alert" owner="SeleniumLibrary">
<msg time="2025-12-14T11:56:49.557257" level="INFO">HANDLE::&lt;class 'NoneType'&gt;::None</msg>
<msg time="2025-12-14T11:56:55.226626" level="INFO" html="true">&lt;/td&gt;&lt;/tr&gt;&lt;tr&gt;&lt;td colspan="3"&gt;&lt;a href="selenium-screenshot-108.png"&gt;&lt;img src="selenium-screenshot-108.png" width="800px"&gt;&lt;/a&gt;</msg>
<msg time="2025-12-14T11:56:55.227048" level="FAIL">Alert not found in 5 seconds.</msg>
<arg>action=ACCEPT</arg>
<doc>Handles the current alert and returns its message.</doc>
<status status="FAIL" start="2025-12-14T11:56:49.556754" elapsed="5.674253">Alert not found in 5 seconds.</status>
</kw>
<arg>Handle Alert</arg>
<arg>action=ACCEPT</arg>
<doc>Runs the given keyword with the given arguments and ignores possible error.</doc>
<status status="PASS" start="2025-12-14T11:56:49.555731" elapsed="5.675634"/>
</kw>
<kw name="Execute Javascript" owner="SeleniumLibrary">
<msg time="2025-12-14T11:56:55.233186" level="INFO">Executing JavaScript:
localStorage.clear()
Without any arguments.</msg>
<arg>localStorage.clear()</arg>
<doc>Executes the given JavaScript code with possible arguments.</doc>
<status status="PASS" start="2025-12-14T11:56:55.231993" elapsed="0.316056"/>
</kw>
<kw name="Reload Page" owner="SeleniumLibrary">
<doc>Simulates user reloading page.</doc>
<status status="PASS" start="2025-12-14T11:56:55.548529" elapsed="0.425886"/>
</kw>
<kw name="Wait Until Page Contains Element" owner="SeleniumLibrary">
<arg>css:[data-testid="tab-login"]</arg>
<doc>Waits until the element ``locator`` appears on the current page.</doc>
<status status="PASS" start="2025-12-14T11:56:55.975003" elapsed="0.336781"/>
</kw>
<status status="PASS" start="2025-12-14T11:56:49.554905" elapsed="6.757165"/>
</kw>
<kw name="Click Element" owner="SeleniumLibrary">
<msg time="2025-12-14T11:56:56.313298" level="INFO">Clicking element 'css:[data-testid="tab-login"]'.</msg>
<arg>css:[data-testid="tab-login"]</arg>
<doc>Click the element identified by ``locator``.</doc>
<status status="PASS" start="2025-12-14T11:56:56.312818" elapsed="0.789578"/>
</kw>
<kw name="Input Text" owner="SeleniumLibrary">
<msg time="2025-12-14T11:56:57.104060" level="INFO">Typing text 'wrong@test.com' into text field 'css:[data-testid="login-email"]'.</msg>
<arg>css:[data-testid="login-email"]</arg>
<arg>wrong@test.com</arg>
<doc>Types the given ``text`` into the text field identified by ``locator``.</doc>
<status status="PASS" start="2025-12-14T11:56:57.103497" elapsed="1.201105"/>
</kw>
<kw name="Input Text" owner="SeleniumLibrary">
<msg time="2025-12-14T11:56:58.306361" level="INFO">Typing text 'wrongpassword' into text field 'css:[data-testid="login-password"]'.</msg>
<arg>css:[data-testid="login-password"]</arg>
<arg>wrongpassword</arg>
<doc>Types the given ``text`` into the text field identified by ``locator``.</doc>
<status status="PASS" start="2025-12-14T11:56:58.305544" elapsed="1.157916"/>
</kw>
<kw name="Click Element" owner="SeleniumLibrary">
<msg time="2025-12-14T11:56:59.464356" level="INFO">Clicking element 'css:[data-testid="login-submit"]'.</msg>
<arg>css:[data-testid="login-submit"]</arg>
<doc>Click the element identified by ``locator``.</doc>
<status status="PASS" start="2025-12-14T11:56:59.464002" elapsed="0.755918"/>
</kw>
<kw name="Wait Until Element Is Visible" owner="SeleniumLibrary">
<arg>css:[data-testid="login-error"]</arg>
<doc>Waits until the element ``locator`` is visible.</doc>
<status status="PASS" start="2025-12-14T11:57:00.221113" elapsed="0.640867"/>
</kw>
<kw name="Element Should Contain" owner="SeleniumLibrary">
<msg time="2025-12-14T11:57:01.495659" level="INFO">Element 'css:[data-testid="login-error"]' contains text 'Invalid email or password'.</msg>
<arg>css:[data-testid="login-error"]</arg>
<arg>Invalid email or password</arg>
<doc>Verifies that element ``locator`` contains text ``expected``.</doc>
<status status="PASS" start="2025-12-14T11:57:00.862866" elapsed="0.633046"/>
</kw>
<kw name="Run Keyword If Test Failed" owner="BuiltIn" type="TEARDOWN">
<arg>Capture Page Screenshot</arg>
<doc>Runs the given keyword with the given arguments, if the test failed.</doc>
<status status="PASS" start="2025-12-14T11:57:01.496771" elapsed="0.000938"/>
</kw>
<tag>Functional</tag>
<tag>Login</tag>
<tag>Negative</tag>
<tag>Security</tag>
<status status="PASS" start="2025-12-14T11:56:49.552909" elapsed="11.945271"/>
</test>
<test id="s1-t11" name="RF-TC-011: Login With Empty Credentials" line="168">
<kw name="Reset Application State" type="SETUP">
<kw name="Run Keyword And Ignore Error" owner="BuiltIn">
<kw name="Handle Alert" owner="SeleniumLibrary">
<msg time="2025-12-14T11:57:01.504216" level="INFO">HANDLE::&lt;class 'NoneType'&gt;::None</msg>
<msg time="2025-12-14T11:57:07.186646" level="INFO" html="true">&lt;/td&gt;&lt;/tr&gt;&lt;tr&gt;&lt;td colspan="3"&gt;&lt;a href="selenium-screenshot-109.png"&gt;&lt;img src="selenium-screenshot-109.png" width="800px"&gt;&lt;/a&gt;</msg>
<msg time="2025-12-14T11:57:07.186969" level="FAIL">Alert not found in 5 seconds.</msg>
<arg>action=ACCEPT</arg>
<doc>Handles the current alert and returns its message.</doc>
<status status="FAIL" start="2025-12-14T11:57:01.503742" elapsed="5.685905">Alert not found in 5 seconds.</status>
</kw>
<arg>Handle Alert</arg>
<arg>action=ACCEPT</arg>
<doc>Runs the given keyword with the given arguments and ignores possible error.</doc>
<status status="PASS" start="2025-12-14T11:57:01.502820" elapsed="5.687066"/>
</kw>
<kw name="Execute Javascript" owner="SeleniumLibrary">
<msg time="2025-12-14T11:57:07.191235" level="INFO">Executing JavaScript:
localStorage.clear()
Without any arguments.</msg>
<arg>localStorage.clear()</arg>
<doc>Executes the given JavaScript code with possible arguments.</doc>
<status status="PASS" start="2025-12-14T11:57:07.190220" elapsed="0.315528"/>
</kw>
<kw name="Reload Page" owner="SeleniumLibrary">
<doc>Simulates user reloading page.</doc>
<status status="PASS" start="2025-12-14T11:57:07.506181" elapsed="0.719904"/>
</kw>
<kw name="Wait Until Page Contains Element" owner="SeleniumLibrary">
<arg>css:[data-testid="tab-login"]</arg>
<doc>Waits until the element ``locator`` appears on the current page.</doc>
<status status="PASS" start="2025-12-14T11:57:08.226528" elapsed="0.321516"/>
</kw>
<status status="PASS" start="2025-12-14T11:57:01.502060" elapsed="7.046282"/>
</kw>
<kw name="Click Element" owner="SeleniumLibrary">
<msg time="2025-12-14T11:57:08.549427" level="INFO">Clicking element 'css:[data-testid="tab-login"]'.</msg>
<arg>css:[data-testid="tab-login"]</arg>
<doc>Click the element identified by ``locator``.</doc>
<status status="PASS" start="2025-12-14T11:57:08.548971" elapsed="0.739912"/>
</kw>
<kw name="Click Element" owner="SeleniumLibrary">
<msg time="2025-12-14T11:57:09.290313" level="INFO">Clicking element 'css:[data-testid="login-submit"]'.</msg>
<arg>css:[data-testid="login-submit"]</arg>
<doc>Click the element identified by ``locator``.</doc>
<status status="PASS" start="2025-12-14T11:57:09.289837" elapsed="0.761323"/>
</kw>
<kw name="Element Should Be Visible" owner="SeleniumLibrary">
<msg time="2025-12-14T11:57:10.695444" level="INFO">Element 'css:[data-testid="login-email"]' is displayed.</msg>
<arg>css:[data-testid="login-email"]</arg>
<doc>Verifies that the element identified by ``locator`` is visible.</doc>
<status status="PASS" start="2025-12-14T11:57:10.052042" elapsed="0.643716"/>
</kw>
<kw name="Run Keyword If Test Failed" owner="BuiltIn" type="TEARDOWN">
<arg>Capture Page Screenshot</arg>
<doc>Runs the given keyword with the given arguments, if the test failed.</doc>
<status status="PASS" start="2025-12-14T11:57:10.696912" elapsed="0.001072"/>
</kw>
<tag>Functional</tag>
<tag>Login</tag>
<tag>Negative</tag>
<status status="PASS" start="2025-12-14T11:57:01.500501" elapsed="9.198219"/>
</test>
<test id="s1-t12" name="RF-TC-012: Successful Logout" line="174">
<kw name="Reset Application State" type="SETUP">
<kw name="Run Keyword And Ignore Error" owner="BuiltIn">
<kw name="Handle Alert" owner="SeleniumLibrary">
<msg time="2025-12-14T11:57:10.706537" level="INFO">HANDLE::&lt;class 'NoneType'&gt;::None</msg>
<msg time="2025-12-14T11:57:16.362234" level="INFO" html="true">&lt;/td&gt;&lt;/tr&gt;&lt;tr&gt;&lt;td colspan="3"&gt;&lt;a href="selenium-screenshot-110.png"&gt;&lt;img src="selenium-screenshot-110.png" width="800px"&gt;&lt;/a&gt;</msg>
<msg time="2025-12-14T11:57:16.362458" level="FAIL">Alert not found in 5 seconds.</msg>
<arg>action=ACCEPT</arg>
<doc>Handles the current alert and returns its message.</doc>
<status status="FAIL" start="2025-12-14T11:57:10.706067" elapsed="5.658288">Alert not found in 5 seconds.</status>
</kw>
<arg>Handle Alert</arg>
<arg>action=ACCEPT</arg>
<doc>Runs the given keyword with the given arguments and ignores possible error.</doc>
<status status="PASS" start="2025-12-14T11:57:10.703700" elapsed="5.660793"/>
</kw>
<kw name="Execute Javascript" owner="SeleniumLibrary">
<msg time="2025-12-14T11:57:16.365627" level="INFO">Executing JavaScript:
localStorage.clear()
Without any arguments.</msg>
<arg>localStorage.clear()</arg>
<doc>Executes the given JavaScript code with possible arguments.</doc>
<status status="PASS" start="2025-12-14T11:57:16.364699" elapsed="0.311472"/>
</kw>
<kw name="Reload Page" owner="SeleniumLibrary">
<doc>Simulates user reloading page.</doc>
<status status="PASS" start="2025-12-14T11:57:16.676583" elapsed="0.476901"/>
</kw>
<kw name="Wait Until Page Contains Element" owner="SeleniumLibrary">
<arg>css:[data-testid="tab-login"]</arg>
<doc>Waits until the element ``locator`` appears on the current page.</doc>
<status status="PASS" start="2025-12-14T11:57:17.154028" elapsed="0.323518"/>
</kw>
<status status="PASS" start="2025-12-14T11:57:10.702940" elapsed="6.774979"/>
</kw>
<kw name="Register New User">
<kw name="Click Element" owner="SeleniumLibrary">
<msg time="2025-12-14T11:57:17.480002" level="INFO">Clicking element 'css:[data-testid="tab-register"]'.</msg>
<arg>css:[data-testid="tab-register"]</arg>
<doc>Click the element identified by ``locator``.</doc>
<status status="PASS" start="2025-12-14T11:57:17.479667" elapsed="0.749738"/>
</kw>
<kw name="Wait Until Element Is Visible" owner="SeleniumLibrary">
<arg>css:[data-testid="register-form"]</arg>
<doc>Waits until the element ``locator`` is visible.</doc>
<status status="PASS" start="2025-12-14T11:57:18.229834" elapsed="0.633833"/>
</kw>
<kw name="Input Text" owner="SeleniumLibrary">
<msg time="2025-12-14T11:57:18.864151" level="INFO">Typing text 'Logout User' into text field 'css:[data-testid="register-fullname"]'.</msg>
<arg>css:[data-testid="register-fullname"]</arg>
<arg>${name}</arg>
<doc>Types the given ``text`` into the text field identified by ``locator``.</doc>
<status status="PASS" start="2025-12-14T11:57:18.863889" elapsed="1.201125"/>
</kw>
<kw name="Input Text" owner="SeleniumLibrary">
<msg time="2025-12-14T11:57:20.066338" level="INFO">Typing text 'logout@test.com' into text field 'css:[data-testid="register-email"]'.</msg>
<arg>css:[data-testid="register-email"]</arg>
<arg>${email}</arg>
<doc>Types the given ``text`` into the text field identified by ``locator``.</doc>
<status status="PASS" start="2025-12-14T11:57:20.065593" elapsed="1.191026"/>
</kw>
<kw name="Input Text" owner="SeleniumLibrary">
<msg time="2025-12-14T11:57:21.257128" level="INFO">Typing text 'BSEF22M555' into text field 'css:[data-testid="register-studentid"]'.</msg>
<arg>css:[data-testid="register-studentid"]</arg>
<arg>${student_id}</arg>
<doc>Types the given ``text`` into the text field identified by ``locator``.</doc>
<status status="PASS" start="2025-12-14T11:57:21.256836" elapsed="1.151661"/>
</kw>
<kw name="Input Text" owner="SeleniumLibrary">
<msg time="2025-12-14T11:57:22.409969" level="INFO">Typing text 'password123' into text field 'css:[data-testid="register-password"]'.</msg>
<arg>css:[data-testid="register-password"]</arg>
<arg>${password}</arg>
<doc>Types the given ``text`` into the text field identified by ``locator``.</doc>
<status status="PASS" start="2025-12-14T11:57:22.409137" elapsed="1.166197"/>
</kw>
<kw name="Input Text" owner="SeleniumLibrary">
<msg time="2025-12-14T11:57:23.576308" level="INFO">Typing text 'password123' into text field 'css:[data-testid="register-confirm-password"]'.</msg>
<arg>css:[data-testid="register-confirm-password"]</arg>
<arg>${password}</arg>
<doc>Types the given ``text`` into the text field identified by ``locator``.</doc>
<status status="PASS" start="2025-12-14T11:57:23.575746" elapsed="1.159143"/>
</kw>
<kw name="Click Element" owner="SeleniumLibrary">
<msg time="2025-12-14T11:57:24.735791" level="INFO">Clicking element 'css:[data-testid="register-submit"]'.</msg>
<arg>css:[data-testid="register-submit"]</arg>
<doc>Click the element identified by ``locator``.</doc>
<status status="PASS" start="2025-12-14T11:57:24.735334" elapsed="0.750752"/>
</kw>
<kw name="Sleep" owner="BuiltIn">
<msg time="2025-12-14T11:57:25.987953" level="INFO">Slept 500 milliseconds.</msg>
<arg>0.5s</arg>
<doc>Pauses the test executed for the given time.</doc>
<status status="PASS" start="2025-12-14T11:57:25.486499" elapsed="0.501758"/>
</kw>
<arg>Logout User</arg>
<arg>logout@test.com</arg>
<arg>BSEF22M555</arg>
<arg>password123</arg>
<status status="PASS" start="2025-12-14T11:57:17.478857" elapsed="8.509753"/>
</kw>
<kw name="Alert Should Be Present" owner="SeleniumLibrary">
<msg time="2025-12-14T11:57:25.989880" level="INFO">HANDLE::&lt;class 'NoneType'&gt;::None</msg>
<arg>text=Registration successful! Please login.</arg>
<doc>Verifies that an alert is present and by default, accepts it.</doc>
<status status="PASS" start="2025-12-14T11:57:25.989447" elapsed="0.912978"/>
</kw>
<kw name="Login User">
<kw name="Click Element" owner="SeleniumLibrary">
<msg time="2025-12-14T11:57:26.904911" level="INFO">Clicking element 'css:[data-testid="tab-login"]'.</msg>
<arg>css:[data-testid="tab-login"]</arg>
<doc>Click the element identified by ``locator``.</doc>
<status status="PASS" start="2025-12-14T11:57:26.904448" elapsed="0.777407"/>
</kw>
<kw name="Wait Until Element Is Visible" owner="SeleniumLibrary">
<arg>css:[data-testid="login-form"]</arg>
<doc>Waits until the element ``locator`` is visible.</doc>
<status status="PASS" start="2025-12-14T11:57:27.682260" elapsed="0.640932"/>
</kw>
<kw name="Input Text" owner="SeleniumLibrary">
<msg time="2025-12-14T11:57:28.324648" level="INFO">Typing text 'logout@test.com' into text field 'css:[data-testid="login-email"]'.</msg>
<arg>css:[data-testid="login-email"]</arg>
<arg>${email}</arg>
<doc>Types the given ``text`` into the text field identified by ``locator``.</doc>
<status status="PASS" start="2025-12-14T11:57:28.323821" elapsed="1.162894"/>
</kw>
<kw name="Input Text" owner="SeleniumLibrary">
<msg time="2025-12-14T11:57:29.488259" level="INFO">Typing text 'password123' into text field 'css:[data-testid="login-password"]'.</msg>
<arg>css:[data-testid="login-password"]</arg>
<arg>${password}</arg>
<doc>Types the given ``text`` into the text field identified by ``locator``.</doc>
<status status="PASS" start="2025-12-14T11:57:29.487377" elapsed="1.133005"/>
</kw>
<kw name="Click Element" owner="SeleniumLibrary">
<msg time="2025-12-14T11:57:30.621436" level="INFO">Clicking element 'css:[data-testid="login-submit"]'.</msg>
<arg>css:[data-testid="login-submit"]</arg>
<doc>Click the element identified by ``locator``.</doc>
<status status="PASS" start="2025-12-14T11:57:30.620912" elapsed="0.782140"/>
</kw>
<kw name="Sleep" owner="BuiltIn">
<msg time="2025-12-14T11:57:31.905327" level="INFO">Slept 500 milliseconds.</msg>
<arg>0.5s</arg>
<doc>Pauses the test executed for the given time.</doc>
<status status="PASS" start="2025-12-14T11:57:31.403661" elapsed="0.501985"/>
</kw>
<arg>logout@test.com</arg>
<arg>password123</arg>
<status status="PASS" start="2025-12-14T11:57:26.903587" elapsed="5.002356"/>
</kw>
<kw name="Wait Until Element Is Visible" owner="SeleniumLibrary">
<arg>css:[data-testid="logout-button"]</arg>
<doc>Waits until the element ``locator`` is visible.</doc>
<status status="PASS" start="2025-12-14T11:57:31.906751" elapsed="0.651101"/>
</kw>
<kw name="Click Element" owner="SeleniumLibrary">
<msg time="2025-12-14T11:57:32.559229" level="INFO">Clicking element 'css:[data-testid="logout-button"]'.</msg>
<arg>css:[data-testid="logout-button"]</arg>
<doc>Click the element identified by ``locator``.</doc>
<status status="PASS" start="2025-12-14T11:57:32.558835" elapsed="0.757869"/>
</kw>
<kw name="Wait Until Element Is Visible" owner="SeleniumLibrary">
<arg>css:[data-testid="login-form"]</arg>
<doc>Waits until the element ``locator`` is visible.</doc>
<status status="PASS" start="2025-12-14T11:57:33.317688" elapsed="0.635248"/>
</kw>
<kw name="Run Keyword If Test Failed" owner="BuiltIn" type="TEARDOWN">
<arg>Capture Page Screenshot</arg>
<doc>Runs the given keyword with the given arguments, if the test failed.</doc>
<status status="PASS" start="2025-12-14T11:57:33.954611" elapsed="0.001655"/>
</kw>
<tag>Functional</tag>
<tag>Login</tag>
<tag>Positive</tag>
<status status="PASS" start="2025-12-14T11:57:10.701390" elapsed="23.255606"/>
</test>
<test id="s1-t13" name="RF-TC-013: View Active Elections After Login" line="187">
<kw name="Reset Application State" type="SETUP">
<kw name="Run Keyword And Ignore Error" owner="BuiltIn">
<kw name="Handle Alert" owner="SeleniumLibrary">
<msg time="2025-12-14T11:57:33.963276" level="INFO">HANDLE::&lt;class 'NoneType'&gt;::None</msg>
<msg time="2025-12-14T11:57:39.639365" level="INFO" html="true">&lt;/td&gt;&lt;/tr&gt;&lt;tr&gt;&lt;td colspan="3"&gt;&lt;a href="selenium-screenshot-111.png"&gt;&lt;img src="selenium-screenshot-111.png" width="800px"&gt;&lt;/a&gt;</msg>
<msg time="2025-12-14T11:57:39.639851" level="FAIL">Alert not found in 5 seconds.</msg>
<arg>action=ACCEPT</arg>
<doc>Handles the current alert and returns its message.</doc>
<status status="FAIL" start="2025-12-14T11:57:33.962920" elapsed="5.680992">Alert not found in 5 seconds.</status>
</kw>
<arg>Handle Alert</arg>
<arg>action=ACCEPT</arg>
<doc>Runs the given keyword with the given arguments and ignores possible error.</doc>
<status status="PASS" start="2025-12-14T11:57:33.962040" elapsed="5.682221"/>
</kw>
<kw name="Execute Javascript" owner="SeleniumLibrary">
<msg time="2025-12-14T11:57:39.645968" level="INFO">Executing JavaScript:
localStorage.clear()
Without any arguments.</msg>
<arg>localStorage.clear()</arg>
<doc>Executes the given JavaScript code with possible arguments.</doc>
<status status="PASS" start="2025-12-14T11:57:39.644756" elapsed="0.315661"/>
</kw>
<kw name="Reload Page" owner="SeleniumLibrary">
<doc>Simulates user reloading page.</doc>
<status status="PASS" start="2025-12-14T11:57:39.961023" elapsed="0.452551"/>
</kw>
<kw name="Wait Until Page Contains Element" owner="SeleniumLibrary">
<arg>css:[data-testid="tab-login"]</arg>
<doc>Waits until the element ``locator`` appears on the current page.</doc>
<status status="PASS" start="2025-12-14T11:57:40.414110" elapsed="0.326294"/>
</kw>
<status status="PASS" start="2025-12-14T11:57:33.961082" elapsed="6.779712"/>
</kw>
<kw name="Register New User">
<kw name="Click Element" owner="SeleniumLibrary">
<msg time="2025-12-14T11:57:40.743305" level="INFO">Clicking element 'css:[data-testid="tab-register"]'.</msg>
<arg>css:[data-testid="tab-register"]</arg>
<doc>Click the element identified by ``locator``.</doc>
<status status="PASS" start="2025-12-14T11:57:40.742828" elapsed="0.765973"/>
</kw>
<kw name="Wait Until Element Is Visible" owner="SeleniumLibrary">
<arg>css:[data-testid="register-form"]</arg>
<doc>Waits until the element ``locator`` is visible.</doc>
<status status="PASS" start="2025-12-14T11:57:41.509016" elapsed="0.626956"/>
</kw>
<kw name="Input Text" owner="SeleniumLibrary">
[...]
<doc>Waits until the element ``locator`` is visible.</doc>
<status status="PASS" start="2025-12-14T12:05:26.430023" elapsed="0.632658"/>
</kw>
<kw name="Input Text" owner="SeleniumLibrary">
<msg time="2025-12-14T12:05:27.063141" level="INFO">Typing text 'User Two' into text field 'css:[data-testid="register-fullname"]'.</msg>
<arg>css:[data-testid="register-fullname"]</arg>
<arg>${name}</arg>
<doc>Types the given ``text`` into the text field identified by ``locator``.</doc>
<status status="PASS" start="2025-12-14T12:05:27.062888" elapsed="1.081198"/>
</kw>
<kw name="Input Text" owner="SeleniumLibrary">
<msg time="2025-12-14T12:05:28.146218" level="INFO">Typing text 'user2@test.com' into text field 'css:[data-testid="register-email"]'.</msg>
<arg>css:[data-testid="register-email"]</arg>
<arg>${email}</arg>
<doc>Types the given ``text`` into the text field identified by ``locator``.</doc>
<status status="PASS" start="2025-12-14T12:05:28.145109" elapsed="1.125531"/>
</kw>
<kw name="Input Text" owner="SeleniumLibrary">
<msg time="2025-12-14T12:05:29.271642" level="INFO">Typing text 'BSEF22M2500' into text field 'css:[data-testid="register-studentid"]'.</msg>
<arg>css:[data-testid="register-studentid"]</arg>
<arg>${student_id}</arg>
<doc>Types the given ``text`` into the text field identified by ``locator``.</doc>
<status status="PASS" start="2025-12-14T12:05:29.271086" elapsed="1.106481"/>
</kw>
<kw name="Input Text" owner="SeleniumLibrary">
<msg time="2025-12-14T12:05:30.379830" level="INFO">Typing text 'password123' into text field 'css:[data-testid="register-password"]'.</msg>
<arg>css:[data-testid="register-password"]</arg>
<arg>${password}</arg>
<doc>Types the given ``text`` into the text field identified by ``locator``.</doc>
<status status="PASS" start="2025-12-14T12:05:30.378739" elapsed="1.084006"/>
</kw>
<kw name="Input Text" owner="SeleniumLibrary">
<msg time="2025-12-14T12:05:31.463307" level="INFO">Typing text 'password123' into text field 'css:[data-testid="register-confirm-password"]'.</msg>
<arg>css:[data-testid="register-confirm-password"]</arg>
<arg>${password}</arg>
<doc>Types the given ``text`` into the text field identified by ``locator``.</doc>
<status status="PASS" start="2025-12-14T12:05:31.463000" elapsed="1.074233"/>
</kw>
<kw name="Click Element" owner="SeleniumLibrary">
<msg time="2025-12-14T12:05:32.538524" level="INFO">Clicking element 'css:[data-testid="register-submit"]'.</msg>
<arg>css:[data-testid="register-submit"]</arg>
<doc>Click the element identified by ``locator``.</doc>
<status status="PASS" start="2025-12-14T12:05:32.537874" elapsed="0.744284"/>
</kw>
<kw name="Sleep" owner="BuiltIn">
<msg time="2025-12-14T12:05:33.783182" level="INFO">Slept 500 milliseconds.</msg>
<arg>0.5s</arg>
<doc>Pauses the test executed for the given time.</doc>
<status status="PASS" start="2025-12-14T12:05:33.282455" elapsed="0.500864"/>
</kw>
<arg>User Two</arg>
<arg>user2@test.com</arg>
<arg>BSEF22M2500</arg>
<arg>password123</arg>
<status status="PASS" start="2025-12-14T12:05:25.702011" elapsed="8.081434"/>
</kw>
<kw name="Alert Should Be Present" owner="SeleniumLibrary">
<msg time="2025-12-14T12:05:33.784565" level="INFO">HANDLE::&lt;class 'NoneType'&gt;::None</msg>
<arg>text=Registration successful! Please login.</arg>
<doc>Verifies that an alert is present and by default, accepts it.</doc>
<status status="PASS" start="2025-12-14T12:05:33.784062" elapsed="0.913800"/>
</kw>
<kw name="Login User">
<kw name="Click Element" owner="SeleniumLibrary">
<msg time="2025-12-14T12:05:34.702576" level="INFO">Clicking element 'css:[data-testid="tab-login"]'.</msg>
<arg>css:[data-testid="tab-login"]</arg>
<doc>Click the element identified by ``locator``.</doc>
<status status="PASS" start="2025-12-14T12:05:34.701816" elapsed="0.736622"/>
</kw>
<kw name="Wait Until Element Is Visible" owner="SeleniumLibrary">
<arg>css:[data-testid="login-form"]</arg>
<doc>Waits until the element ``locator`` is visible.</doc>
<status status="PASS" start="2025-12-14T12:05:35.438775" elapsed="0.622782"/>
</kw>
<kw name="Input Text" owner="SeleniumLibrary">
<msg time="2025-12-14T12:05:36.062817" level="INFO">Typing text 'user2@test.com' into text field 'css:[data-testid="login-email"]'.</msg>
<arg>css:[data-testid="login-email"]</arg>
<arg>${email}</arg>
<doc>Types the given ``text`` into the text field identified by ``locator``.</doc>
<status status="PASS" start="2025-12-14T12:05:36.062105" elapsed="1.102875"/>
</kw>
<kw name="Input Text" owner="SeleniumLibrary">
<msg time="2025-12-14T12:05:37.166471" level="INFO">Typing text 'password123' into text field 'css:[data-testid="login-password"]'.</msg>
<arg>css:[data-testid="login-password"]</arg>
<arg>${password}</arg>
<doc>Types the given ``text`` into the text field identified by ``locator``.</doc>
<status status="PASS" start="2025-12-14T12:05:37.165651" elapsed="1.089409"/>
</kw>
<kw name="Click Element" owner="SeleniumLibrary">
<msg time="2025-12-14T12:05:38.255917" level="INFO">Clicking element 'css:[data-testid="login-submit"]'.</msg>
<arg>css:[data-testid="login-submit"]</arg>
<doc>Click the element identified by ``locator``.</doc>
<status status="PASS" start="2025-12-14T12:05:38.255488" elapsed="0.736931"/>
</kw>
<kw name="Sleep" owner="BuiltIn">
<msg time="2025-12-14T12:05:39.494353" level="INFO">Slept 500 milliseconds.</msg>
<arg>0.5s</arg>
<doc>Pauses the test executed for the given time.</doc>
<status status="PASS" start="2025-12-14T12:05:38.992799" elapsed="0.501823"/>
</kw>
<arg>user2@test.com</arg>
<arg>password123</arg>
<status status="PASS" start="2025-12-14T12:05:34.700322" elapsed="4.794587"/>
</kw>
<kw name="Click Element" owner="SeleniumLibrary">
<msg time="2025-12-14T12:05:39.496313" level="INFO">Clicking element 'css:[data-testid="vote-c2"]'.</msg>
<arg>css:[data-testid="vote-c2"]</arg>
<doc>Click the element identified by ``locator``.</doc>
<status status="PASS" start="2025-12-14T12:05:39.495709" elapsed="0.757432"/>
</kw>
<kw name="Alert Should Be Present" owner="SeleniumLibrary">
<msg time="2025-12-14T12:05:40.254020" level="INFO">HANDLE::&lt;class 'NoneType'&gt;::None</msg>
<arg>text=Vote cast for Hamza Rashhed Gujjar!</arg>
<doc>Verifies that an alert is present and by default, accepts it.</doc>
<status status="PASS" start="2025-12-14T12:05:40.253706" elapsed="0.909478"/>
</kw>
<kw name="Click Element" owner="SeleniumLibrary">
<msg time="2025-12-14T12:05:41.165189" level="INFO">Clicking element 'css:[data-testid="tab-results"]'.</msg>
<arg>css:[data-testid="tab-results"]</arg>
<doc>Click the element identified by ``locator``.</doc>
<status status="PASS" start="2025-12-14T12:05:41.164400" elapsed="0.769504"/>
</kw>
<kw name="Wait Until Element Is Visible" owner="SeleniumLibrary">
<arg>css:[data-testid="results-page"]</arg>
<doc>Waits until the element ``locator`` is visible.</doc>
<status status="PASS" start="2025-12-14T12:05:41.934577" elapsed="0.629714"/>
</kw>
<kw name="Page Should Contain" owner="SeleniumLibrary">
<msg time="2025-12-14T12:05:43.190362" level="INFO">Current page contains text 'Total Votes:'.</msg>
<arg>Total Votes:</arg>
<doc>Verifies that current page contains ``text``.</doc>
<status status="PASS" start="2025-12-14T12:05:42.565378" elapsed="0.625221"/>
</kw>
<kw name="Run Keyword If Test Failed" owner="BuiltIn" type="TEARDOWN">
<arg>Capture Page Screenshot</arg>
<doc>Runs the given keyword with the given arguments, if the test failed.</doc>
<status status="PASS" start="2025-12-14T12:05:43.191844" elapsed="0.000457"/>
</kw>
<tag>Critical</tag>
<tag>Integration</tag>
<status status="PASS" start="2025-12-14T12:05:02.863143" elapsed="40.329475"/>
</test>
<test id="s1-t40" name="RF-TC-040: Data Consistency Integration Test" line="467">
<kw name="Reset Application State" type="SETUP">
<kw name="Run Keyword And Ignore Error" owner="BuiltIn">
<kw name="Handle Alert" owner="SeleniumLibrary">
<msg time="2025-12-14T12:05:43.195444" level="INFO">HANDLE::&lt;class 'NoneType'&gt;::None</msg>
<msg time="2025-12-14T12:05:48.777692" level="INFO" html="true">&lt;/td&gt;&lt;/tr&gt;&lt;tr&gt;&lt;td colspan="3"&gt;&lt;a href="selenium-screenshot-138.png"&gt;&lt;img src="selenium-screenshot-138.png" width="800px"&gt;&lt;/a&gt;</msg>
<msg time="2025-12-14T12:05:48.778094" level="FAIL">Alert not found in 5 seconds.</msg>
<arg>action=ACCEPT</arg>
<doc>Handles the current alert and returns its message.</doc>
<status status="FAIL" start="2025-12-14T12:05:43.195205" elapsed="5.586625">Alert not found in 5 seconds.</status>
</kw>
<arg>Handle Alert</arg>
<arg>action=ACCEPT</arg>
<doc>Runs the given keyword with the given arguments and ignores possible error.</doc>
<status status="PASS" start="2025-12-14T12:05:43.194879" elapsed="5.587333"/>
</kw>
<kw name="Execute Javascript" owner="SeleniumLibrary">
<msg time="2025-12-14T12:05:48.784080" level="INFO">Executing JavaScript:
localStorage.clear()
Without any arguments.</msg>
<arg>localStorage.clear()</arg>
<doc>Executes the given JavaScript code with possible arguments.</doc>
<status status="PASS" start="2025-12-14T12:05:48.782700" elapsed="0.317475"/>
</kw>
<kw name="Reload Page" owner="SeleniumLibrary">
<doc>Simulates user reloading page.</doc>
<status status="PASS" start="2025-12-14T12:05:49.100731" elapsed="0.339701"/>
</kw>
<kw name="Wait Until Page Contains Element" owner="SeleniumLibrary">
<arg>css:[data-testid="tab-login"]</arg>
<doc>Waits until the element ``locator`` appears on the current page.</doc>
<status status="PASS" start="2025-12-14T12:05:49.440837" elapsed="0.312366"/>
</kw>
<status status="PASS" start="2025-12-14T12:05:43.194588" elapsed="6.558897"/>
</kw>
<kw name="Register New User">
<kw name="Click Element" owner="SeleniumLibrary">
<msg time="2025-12-14T12:05:49.755915" level="INFO">Clicking element 'css:[data-testid="tab-register"]'.</msg>
<arg>css:[data-testid="tab-register"]</arg>
<doc>Click the element identified by ``locator``.</doc>
<status status="PASS" start="2025-12-14T12:05:49.755437" elapsed="0.718189"/>
</kw>
<kw name="Wait Until Element Is Visible" owner="SeleniumLibrary">
<arg>css:[data-testid="register-form"]</arg>
<doc>Waits until the element ``locator`` is visible.</doc>
<status status="PASS" start="2025-12-14T12:05:50.474177" elapsed="0.636394"/>
</kw>
<kw name="Input Text" owner="SeleniumLibrary">
<msg time="2025-12-14T12:05:51.111503" level="INFO">Typing text 'Consistency User' into text field 'css:[data-testid="register-fullname"]'.</msg>
<arg>css:[data-testid="register-fullname"]</arg>
<arg>${name}</arg>
<doc>Types the given ``text`` into the text field identified by ``locator``.</doc>
<status status="PASS" start="2025-12-14T12:05:51.110975" elapsed="1.148749"/>
</kw>
<kw name="Input Text" owner="SeleniumLibrary">
<msg time="2025-12-14T12:05:52.262510" level="INFO">Typing text 'consistency@test.com' into text field 'css:[data-testid="register-email"]'.</msg>
<arg>css:[data-testid="register-email"]</arg>
<arg>${email}</arg>
<doc>Types the given ``text`` into the text field identified by ``locator``.</doc>
<status status="PASS" start="2025-12-14T12:05:52.260854" elapsed="1.132331"/>
</kw>
<kw name="Input Text" owner="SeleniumLibrary">
<msg time="2025-12-14T12:05:53.394155" level="INFO">Typing text 'BSEF22M2600' into text field 'css:[data-testid="register-studentid"]'.</msg>
<arg>css:[data-testid="register-studentid"]</arg>
<arg>${student_id}</arg>
<doc>Types the given ``text`` into the text field identified by ``locator``.</doc>
<status status="PASS" start="2025-12-14T12:05:53.393609" elapsed="1.115431"/>
</kw>
<kw name="Input Text" owner="SeleniumLibrary">
<msg time="2025-12-14T12:05:54.510609" level="INFO">Typing text 'password123' into text field 'css:[data-testid="register-password"]'.</msg>
<arg>css:[data-testid="register-password"]</arg>
<arg>${password}</arg>
<doc>Types the given ``text`` into the text field identified by ``locator``.</doc>
<status status="PASS" start="2025-12-14T12:05:54.509726" elapsed="1.105681"/>
</kw>
<kw name="Input Text" owner="SeleniumLibrary">
<msg time="2025-12-14T12:05:55.616504" level="INFO">Typing text 'password123' into text field 'css:[data-testid="register-confirm-password"]'.</msg>
<arg>css:[data-testid="register-confirm-password"]</arg>
<arg>${password}</arg>
<doc>Types the given ``text`` into the text field identified by ``locator``.</doc>
<status status="PASS" start="2025-12-14T12:05:55.615862" elapsed="1.096997"/>
</kw>
<kw name="Click Element" owner="SeleniumLibrary">
<msg time="2025-12-14T12:05:56.714649" level="INFO">Clicking element 'css:[data-testid="register-submit"]'.</msg>
<arg>css:[data-testid="register-submit"]</arg>
<doc>Click the element identified by ``locator``.</doc>
<status status="PASS" start="2025-12-14T12:05:56.714067" elapsed="0.699308"/>
</kw>
<kw name="Sleep" owner="BuiltIn">
<msg time="2025-12-14T12:05:57.915664" level="INFO">Slept 500 milliseconds.</msg>
<arg>0.5s</arg>
<doc>Pauses the test executed for the given time.</doc>
<status status="PASS" start="2025-12-14T12:05:57.414126" elapsed="0.501764"/>
</kw>
<arg>Consistency User</arg>
<arg>consistency@test.com</arg>
<arg>BSEF22M2600</arg>
<arg>password123</arg>
<status status="PASS" start="2025-12-14T12:05:49.754533" elapsed="8.161582"/>
</kw>
<kw name="Alert Should Be Present" owner="SeleniumLibrary">
<msg time="2025-12-14T12:05:57.917147" level="INFO">HANDLE::&lt;class 'NoneType'&gt;::None</msg>
<arg>text=Registration successful! Please login.</arg>
<doc>Verifies that an alert is present and by default, accepts it.</doc>
<status status="PASS" start="2025-12-14T12:05:57.916906" elapsed="0.913498"/>
</kw>
<kw name="Login User">
<kw name="Click Element" owner="SeleniumLibrary">
<msg time="2025-12-14T12:05:58.831866" level="INFO">Clicking element 'css:[data-testid="tab-login"]'.</msg>
<arg>css:[data-testid="tab-login"]</arg>
<doc>Click the element identified by ``locator``.</doc>
<status status="PASS" start="2025-12-14T12:05:58.831673" elapsed="0.709692"/>
</kw>
<kw name="Wait Until Element Is Visible" owner="SeleniumLibrary">
<arg>css:[data-testid="login-form"]</arg>
<doc>Waits until the element ``locator`` is visible.</doc>
<status status="PASS" start="2025-12-14T12:05:59.542208" elapsed="0.626410"/>
</kw>
<kw name="Input Text" owner="SeleniumLibrary">
<msg time="2025-12-14T12:06:00.169874" level="INFO">Typing text 'consistency@test.com' into text field 'css:[data-testid="login-email"]'.</msg>
<arg>css:[data-testid="login-email"]</arg>
<arg>${email}</arg>
<doc>Types the given ``text`` into the text field identified by ``locator``.</doc>
<status status="PASS" start="2025-12-14T12:06:00.169139" elapsed="1.176809"/>
</kw>
<kw name="Input Text" owner="SeleniumLibrary">
<msg time="2025-12-14T12:06:01.347668" level="INFO">Typing text 'password123' into text field 'css:[data-testid="login-password"]'.</msg>
<arg>css:[data-testid="login-password"]</arg>
<arg>${password}</arg>
<doc>Types the given ``text`` into the text field identified by ``locator``.</doc>
<status status="PASS" start="2025-12-14T12:06:01.346637" elapsed="1.132277"/>
</kw>
<kw name="Click Element" owner="SeleniumLibrary">
<msg time="2025-12-14T12:06:02.480276" level="INFO">Clicking element 'css:[data-testid="login-submit"]'.</msg>
<arg>css:[data-testid="login-submit"]</arg>
<doc>Click the element identified by ``locator``.</doc>
<status status="PASS" start="2025-12-14T12:06:02.479616" elapsed="0.809484"/>
</kw>
<kw name="Sleep" owner="BuiltIn">
<msg time="2025-12-14T12:06:03.791137" level="INFO">Slept 500 milliseconds.</msg>
<arg>0.5s</arg>
<doc>Pauses the test executed for the given time.</doc>
<status status="PASS" start="2025-12-14T12:06:03.289677" elapsed="0.501727"/>
</kw>
<arg>consistency@test.com</arg>
<arg>password123</arg>
<status status="PASS" start="2025-12-14T12:05:58.831339" elapsed="4.960290"/>
</kw>
<kw name="Click Element" owner="SeleniumLibrary">
<msg time="2025-12-14T12:06:03.793189" level="INFO">Clicking element 'css:[data-testid="vote-c6"]'.</msg>
<arg>css:[data-testid="vote-c6"]</arg>
<doc>Click the element identified by ``locator``.</doc>
<status status="PASS" start="2025-12-14T12:06:03.792560" elapsed="0.729216"/>
</kw>
<kw name="Alert Should Be Present" owner="SeleniumLibrary">
<msg time="2025-12-14T12:06:04.523457" level="INFO">HANDLE::&lt;class 'NoneType'&gt;::None</msg>
<arg>text=Vote cast for Hamza Chaudhari!</arg>
<doc>Verifies that an alert is present and by default, accepts it.</doc>
<status status="PASS" start="2025-12-14T12:06:04.522888" elapsed="0.911402"/>
</kw>
<kw name="Execute Javascript" owner="SeleniumLibrary">
<msg time="2025-12-14T12:06:05.446589" level="INFO">Executing JavaScript:
return JSON.parse(localStorage.getItem('votes')).length
Without any arguments.</msg>
<msg time="2025-12-14T12:06:05.757308" level="INFO">${votesBefore} = 1</msg>
<var>${votesBefore}</var>
<arg>return JSON.parse(localStorage.getItem('votes')).length</arg>
<doc>Executes the given JavaScript code with possible arguments.</doc>
<status status="PASS" start="2025-12-14T12:06:05.435516" elapsed="0.321889"/>
</kw>
<kw name="Reload Page" owner="SeleniumLibrary">
<doc>Simulates user reloading page.</doc>
<status status="PASS" start="2025-12-14T12:06:05.758289" elapsed="0.413463"/>
</kw>
<kw name="Execute Javascript" owner="SeleniumLibrary">
<msg time="2025-12-14T12:06:06.173508" level="INFO">Executing JavaScript:
return JSON.parse(localStorage.getItem('votes')).length
Without any arguments.</msg>
<msg time="2025-12-14T12:06:06.486462" level="INFO">${votesAfter} = 1</msg>
<var>${votesAfter}</var>
<arg>return JSON.parse(localStorage.getItem('votes')).length</arg>
<doc>Executes the given JavaScript code with possible arguments.</doc>
<status status="PASS" start="2025-12-14T12:06:06.172553" elapsed="0.314025"/>
</kw>
<kw name="Should Be Equal" owner="BuiltIn">
<arg>${votesBefore}</arg>
<arg>${votesAfter}</arg>
<doc>Fails if the given objects are unequal.</doc>
<status status="PASS" start="2025-12-14T12:06:06.487485" elapsed="0.000781"/>
</kw>
<kw name="Run Keyword If Test Failed" owner="BuiltIn" type="TEARDOWN">
<arg>Capture Page Screenshot</arg>
<doc>Runs the given keyword with the given arguments, if the test failed.</doc>
<status status="PASS" start="2025-12-14T12:06:06.489123" elapsed="0.000603"/>
</kw>
<tag>DataValidation</tag>
<tag>Integration</tag>
<status status="PASS" start="2025-12-14T12:05:43.193790" elapsed="23.296334"/>
</test>
<kw name="Close All Browsers" owner="SeleniumLibrary" type="TEARDOWN">
<doc>Closes all open browsers and resets the browser cache.</doc>
<status status="PASS" start="2025-12-14T12:06:06.505763" elapsed="2.889700"/>
</kw>
<doc>Robot Framework Test Suite for Online Voting System
Author: Hasnain Rasheed (BSEF22M519)
This suite covers functional testing, data validation, and security checks</doc>
<status status="PASS" start="2025-12-14T11:53:58.191462" elapsed="731.204148"/>
</suite>
<statistics>
<total>
<stat pass="40" fail="0" skip="0">All Tests</stat>
</total>
<tag>
<stat pass="9" fail="0" skip="0">Critical</stat>
<stat pass="10" fail="0" skip="0">DataValidation</stat>
<stat pass="1" fail="0" skip="0">E2E</stat>
<stat pass="21" fail="0" skip="0">Functional</stat>
<stat pass="3" fail="0" skip="0">Integration</stat>
<stat pass="5" fail="0" skip="0">Login</stat>
<stat pass="8" fail="0" skip="0">Negative</stat>
<stat pass="2" fail="0" skip="0">Performance</stat>
<stat pass="7" fail="0" skip="0">Positive</stat>
<stat pass="10" fail="0" skip="0">Registration</stat>
<stat pass="4" fail="0" skip="0">Results</stat>
<stat pass="8" fail="0" skip="0">Security</stat>
<stat pass="1" fail="0" skip="0">Session</stat>
<stat pass="1" fail="0" skip="0">Storage</stat>
<stat pass="9" fail="0" skip="0">UI</stat>
<stat pass="5" fail="0" skip="0">UX</stat>
<stat pass="6" fail="0" skip="0">Voting</stat>
</tag>
<suite>
<stat name="Voting-System-Tests" id="s1" pass="40" fail="0" skip="0">Voting-System-Tests</stat>
</suite>
</statistics>
<errors>
</errors>
</robot>
